 [16:02:53]  RDP 0x55ef23fa90c0: Wake Tx task (check timeouts)
 [16:02:54]  RDP 0x55ef23fa90c0: Wake Tx task (check timeouts)
 [16:03:39]  RDP 0x55ef23fa90c0: Wake Tx task (check timeouts)
 [16:03:57]  RDP 0x55ef23fa8f20: Wake Tx task (check timeouts)
 [16:04:30]  RDP 0x55ef23fa9330: Wake Tx task (check timeouts)
 [16:04:33]  FTP: Confirmed File URLs.
 [16:04:33]  FTP: Connection Created. Send File Request
 [16:04:33]  RX Delay : 1180276 microsecond.
 [16:04:46]  RDP 0x55ef23fa9330: Wake Tx task (check timeouts)
 [16:04:49]  RDP 0x55ef23fa9330: Wake Tx task (check timeouts)
 [16:05:05]  RDP 0x55ef23fa9330: Wake Tx task (check timeouts)
 [16:05:16]  OUT: S 8, D 3, Dp 15, Sp 61, Pr 1, Fl 0x03, Sz 5 VIA: KISS
 [16:05:17]  packet length : 210

 [16:05:20]  RDP 0x55ef23fa9330: Wake Tx task (check timeouts)
 [16:06:17]  RDP 0x55ef23fa9190: Wake Tx task (check timeouts)
 [16:06:18]  RDP 0x55ef23fa9190: Wake Tx task (check timeouts)
 [16:06:44]  RDP 0x55ef23fa8f20: Wake Tx task (check timeouts)
 [16:07:05]  RDP 0x55ef23fa8f20: Wake Tx task (check timeouts)
 [16:07:10]  RDP 0x55ef23fa8f20: Wake Tx task (check timeouts)
 [16:07:17]  RDP 0x55ef23fa8f20: Wake Tx task (check timeouts)
 [16:07:17]  RDP 0x55ef23fa8f20: Wake Tx task (check timeouts)
 [16:07:47]  RDP 0x55ef23fa9190: Wake Tx task (check timeouts)
 [16:08:05]  RDP 0x55ef23fa9190: Wake Tx task (check timeouts)
 [16:09:07]  RDP 0x55ef23fa9260: Wake Tx task (check timeouts)
 [16:09:24]  RDP 0x55ef23fa9260: Wake Tx task (check timeouts)
 [16:09:29]  RDP 0x55ef23fa9260: Wake Tx task (check timeouts)
 [16:09:30]  RDP 0x55ef23fa9260: Wake Tx task (check timeouts)
 [16:10:20]  OUT: S 8, D 3, Dp 15, Sp 46, Pr 1, Fl 0x03, Sz 5 VIA: KISS
 [16:10:31]  TX Element timed out, retransmitting seq 65399
 [02:30:21]  OUT: S 8, D 3, Dp 15, Sp 44, Pr 1, Fl 0x03, Sz 5 VIA: KISS
 [02:30:48]  RDP: CMP: conn pointer 0x55fa9efc0be0, packet pointer (nil), flag 2, seq_nr 55084, ack_nr 0
 [02:31:34]  OUT: S 8, D 3, Dp 15, Sp 37, Pr 1, Fl 0x03, Sz 5 VIA: KISS
 [16:25:12]  RDP 0x55dbd2e8f190: Wake Tx task (check timeouts)
 [16:25:39]  OUT: S 8, D 3, Dp 15, Sp 54, Pr 2, Fl 0x03, Sz 210 VIA: KISS
 [07:06:35]  RDP 0x55558a1d00c0: Wake Tx task (check timeouts)
 [16:06:47]  RDP 0x55558a1d00c0: Wake Tx task (check timeouts)
 [16:07:41]  RDP 0x55558a1cfbe0: Wake Tx task (check timeouts)
 [16:07:52]  RDP 0x55558a1cfbe0: Wake Tx task (check timeouts)
 [16:07:54]  RDP 0x55558a1cfbe0: Wake Tx task (check timeouts)
 [16:08:04]  RDP 0x55558a1cfbe0: Wake Tx task (check timeouts)
 [16:08:08]  RDP 0x55558a1cfbe0: Wake Tx task (check timeouts)
 [16:08:11]  RDP 0x55558a1cfbe0: Wake Tx task (check timeouts)
 [16:08:14]  EACK compare element, time 702289128, seq 43479
 [16:08:32]  RDP 0x55558a1cfbe0: Flush TX Element, time 702300044, seq 43476
 [16:09:20]  RDP 0x55558a1d0190: Wake Tx task (check timeouts)
 [16:09:50]  packet length : 1
 [16:10:42]  RDP 0x55558a1cff20: Wake Tx task (check timeouts)
 [15:48:16]  OUT: S 8, D 3, Dp 15, Sp 35, Pr 1, Fl 0x03, Sz 5 VIA: KISS
 [15:48:25]  INP: S 3, D 8, Dp 35, Sp 15, Pr 1, Fl 0x03, Sz 9 VIA: KISS
 [15:48:33]  RDP 0x55d3f3140ff0: Wake Tx task (check timeouts)
 [15:48:34]  RDP 0x55d3f3140ff0: Wake Tx task (check timeouts)
 [15:48:47]  RDP 0x55d3f3140ff0: Wake Tx task (check timeouts)
 [15:48:47]  RDP 0x55d3f3140ff0: Wake Tx task (check timeouts)
 [15:48:58]  RDP 0x55d3f3140ff0: Wake Tx task (check timeouts)
 [15:50:22]  RDP 0x55d3f3141330: Flush TX Element, time 874005547, seq 45487
 [15:50:45]  INP: S 3, D 8, Dp 55, Sp 15, Pr 1, Fl 0x03, Sz 9 VIA: KISS
 [15:53:36]  RDP 0x55d3f3141190: Wake Tx task (check timeouts)
 [00:07:57]  RDP 0x55d3f3141190: Wake Tx task (check timeouts)
 [15:53:39]  RDP 0x55d3f3141190: Wake Tx task (check timeouts)
 [15:53:39]  RDP 0x55d3f3141190: Wake Tx task (check timeouts)
 [15:24:01]  RDP 0x5589b54e2cb0: Wake Tx task (check timeouts)
 [15:24:04]  RDP 0x5589b54e2cb0: Wake Tx task (check timeouts)
 [15:24:05]  RDP 0x5589b54e2cb0: Wake Tx task (check timeouts)
 [15:24:07]  RDP 0x5589b54e2cb0: Wake Tx task (check timeouts)
 [15:24:11]  RDP 0x5589b54e2cb0: Wake Tx task (check timeouts)
 [15:24:35]  RDP 0x5589b54e3330: Wake Tx task (check timeouts)
 [15:24:47]  RDP 0x5589b54e3330: Wake Tx task (check timeouts)
 [15:24:48]  RDP 0x5589b54e3330: Wake Tx task (check timeouts)
 [15:24:52]  RDP 0x5589b54e3330: Wake Tx task (check timeouts)
 [15:24:59]  RDP 0x5589b54e3330: Wake Tx task (check timeouts)
 [15:20:20]  RDP 0x55b22d116260: Wake Tx task (check timeouts)
 [15:20:22]  RDP 0x55b22d116260: Wake Tx task (check timeouts)
 [15:20:25]  RDP 0x55b22d116260: Wake Tx task (check timeouts)
 [15:20:25]  RDP 0x55b22d116260: Wake Tx task (check timeouts)
 [15:20:27]  RDP 0x55b22d116260: Wake Tx task (check timeouts)
 [15:22:03]  RDP 0x55b22d116260: Wake Tx task (check timeouts)
 [15:22:16]  RDP 0x55b22d116260: Wake Tx task (check timeouts)
 [15:22:57]  RDP 0x55b22d115cb0: Wake Tx task (check timeouts)
 [15:22:59]  RDP 0x55b22d115cb0: Wake Tx task (check timeouts)
 [15:23:00]  RDP 0x55b22d115cb0: Wake Tx task (check timeouts)
 [15:23:54]  RDP 0x55b22d115cb0: Wake Tx task (check timeouts)
 [15:25:40]  RDP 0x55b22d115cb0: Wake Tx task (check timeouts)
 [15:25:47]  RDP 0x55b22d115cb0: Wake Tx task (check timeouts)
 [16:56:20]  RDP 0x55b22d115e50: Wake Tx task (check timeouts)
 [16:56:25]  RDP 0x55b22d115e50: Wake Tx task (check timeouts)
 [16:56:28]  RDP 0x55b22d115e50: Wake Tx task (check timeouts)
 [16:57:34]  RDP 0x55b22d115e50: Wake Tx task (check timeouts)
 [16:57:35]  RDP 0x55b22d115e50: Wake Tx task (check timeouts)
 [16:57:35]  RDP 0x55b22d115e50: Wake Tx task (check timeouts)
 [16:57:37]  RDP 0x55b22d115e50: Wake Tx task (check timeouts)
 [16:57:39]  RDP 0x55b22d115e50: Wake Tx task (check timeouts)
 [16:57:56]  RDP 0x55b22d115f20: Wake Tx task (check timeouts)
 [16:57:58]  RDP 0x55b22d115f20: Wake Tx task (check timeouts)
 [16:59:14]  RDP 0x55b22d115cb0: Wake Tx task (check timeouts)
 [16:59:19]  RDP 0x55b22d115cb0: Wake Tx task (check timeouts)
 [17:00:59]  RDP 0x55b22d116260: Wake Tx task (check timeouts)
 [17:00:59]  OUT: S 8, D 3, Dp 15, Sp 42, Pr 1, Fl 0x03, Sz 5 VIA: KISS
 [17:01:04]  RDP 0x55b22d116260: Wake Tx task (check timeouts)
 [17:01:05]  RDP 0x55b22d116260: Wake Tx task (check timeouts)
 [16:37:19]  RDP 0x562f0ce4ee50: Wake Tx task (check timeouts)
 [16:37:26]  RDP 0x562f0ce4ee50: Wake Tx task (check timeouts)
 [16:37:28]  RDP 0x562f0ce4ee50: Wake Tx task (check timeouts)
 [16:38:36]  RDP 0x562f0ce4f190: Wake Tx task (check timeouts)
 [16:38:43]  RDP 0x562f0ce4f190: Wake Tx task (check timeouts)
 [16:39:40]  RDP 0x562f0ce4f330: Wake Tx task (check timeouts)
 [16:39:55]  RDP: CMP: conn pointer 0x562f0ce4f330, packet pointer (nil), flag 2, seq_nr 10964, ack_nr 17052
 [16:39:57]  RDP 0x562f0ce4f330: Wake Tx task (check timeouts)
 [16:40:02]  INP: S 3, D 8, Dp 44, Sp 15, Pr 1, Fl 0x03, Sz 9 VIA: KISS
 [16:40:05]  RDP 0x562f0ce4f330: Received in S 3: syn 0, ack 1, eack 0, rst 0, seq_nr 17056, ack_nr 10963, packet_len 190 (185)
 [16:40:54]  RDP 0x562f0ce4ecb0: Wake Tx task (check timeouts)
 [16:40:56]  RDP 0x562f0ce4ecb0: Wake Tx task (check timeouts)
 [16:41:08]  RDP 0x562f0ce4ecb0: Wake Tx task (check timeouts)
 [16:41:11]  RDP 0x562f0ce4ecb0: Wake Tx task (check timeouts)
 [16:41:28]  RDP 0x562f0ce4f0c0: Wake Tx task (check timeouts)
 [16:42:08]  RDP 0x562f0ce4ef20: Wake Tx task (check timeouts)
 [16:42:09]  RDP 0x562f0ce4ef20: Wake Tx task (check timeouts)
 [16:42:10]  RDP 0x562f0ce4ef20: Wake Tx task (check timeouts)
 [16:42:20]  RDP 0x562f0ce4ef20: Wake Tx task (check timeouts)
 [16:42:22]  RDP 0x562f0ce4ef20: Wake Tx task (check timeouts)
 [16:42:50]  RDP 0x562f0ce4ef20: Wake Tx task (check timeouts)
 [16:43:03]  RDP 0x562f0ce4ef20: Wake Tx task (check timeouts)
 [16:43:12]  TX Element timed out, retransmitting seq 41684
 [16:43:34]  RDP 0x562f0ce4ee50: Flush TX Element, time 616690598, seq 5394
 [16:45:58]  RDP 0x562f0ce4f260: Wake Tx task (check timeouts)
 [16:46:52]  RDP 0x562f0ce4eff0: Wake Tx task (check timeouts)
 [16:46:56]  RDP 0x562f0ce4eff0: Wake Tx task (check timeouts)
 [16:47:00]  RDP 0x562f0ce4eff0: Wake Tx task (check timeouts)
 [15:42:55]  RDP 0x55aec3c6d260: Wake Tx task (check timeouts)
 [15:43:01]  FTP: Set Streaming Value : 2
 [15:43:03]  RDP 0x55aec3c6d260: Wake Tx task (check timeouts)
 [15:43:09]  RDP 0x55aec3c6d260: Wake Tx task (check timeouts)
 [15:43:24]  RDP 0x55aec3c6d0c0: Wake Tx task (check timeouts)
 [15:43:35]  RDP 0x55aec3c6d190: Wake Tx task (check timeouts)
 [15:43:37]  RDP 0x55aec3c6d190: Wake Tx task (check timeouts)
 [15:44:34]  RDP 0x55aec3c6d190: Wake Tx task (check timeouts)
 [15:44:41]  RDP 0x55aec3c6d190: Wake Tx task (check timeouts)
 [15:45:11]  RDP 0x55aec3c6cbe0: Wake Tx task (check timeouts)
 [15:45:40]  RDP 0x55aec3c6ce50: Wake Tx task (check timeouts)
 [15:45:42]  RDP 0x55aec3c6ce50: Wake Tx task (check timeouts)
 [15:46:25]  RDP 0x55aec3c6d0c0: Wake Tx task (check timeouts)
 [15:47:33]  RDP 0x55aec3c6d190: Wake Tx task (check timeouts)
 [15:47:33]  RDP: Sending  in S 3: syn 0, ack 1, eack 0, rst 0, seq_nr 63611, ack_nr 25615, packet_len 6 (1)
 [15:47:39]  RDP 0x55aec3c6d190: Received in S 3: syn 0, ack 1, eack 0, rst 0, seq_nr 25616, ack_nr 63610, packet_len 5 (0)
 [15:47:39]  RDP 0x55aec3c6d190: Wake Tx task (check timeouts)
 [15:48:31]  RDP 0x55aec3c6cff0: Wake Tx task (check timeouts)
 [17:21:25]  RDP 0x55aec3c6d0c0: AC: Connection Failed
 [17:22:07]  RDP 0x55aec3c6ce50: Wake Tx task (check timeouts)
 [17:25:13]  FTP: Create Connection.
 [15:27:05]  RDP 0x5632f55d9190: Wake Tx task (check timeouts)
 [15:27:09]  RDP 0x5632f55d9190: Wake Tx task (check timeouts)
 [15:27:37]  RDP 0x5632f55d8cb0: Wake Tx task (check timeouts)
 [15:27:51]  RDP 0x5632f55d8cb0: Wake Tx task (check timeouts)
 [15:28:01]  RX Delay : 1193732 microsecond.
 [15:30:48]  RDP 0x5632f55d8e50: Wake Tx task (check timeouts)
 [15:30:48]  RDP 0x5632f55d8e50: Wake Tx task (check timeouts)
 [15:30:50]  RDP 0x5632f55d8e50: Wake Tx task (check timeouts)
 [15:30:55]  RDP 0x5632f55d8e50: Wake Tx task (check timeouts)
 [15:31:03]  RDP 0x5632f55d8e50: Wake Tx task (check timeouts)
 [15:31:04]  RDP 0x5632f55d8e50: Wake Tx task (check timeouts)
 [15:32:13]  RDP 0x5632f55d9190: Wake Tx task (check timeouts)
 [15:32:18]  RDP 0x5632f55d9190: Wake Tx task (check timeouts)
 [15:32:22]  RDP 0x5632f55d9190: Wake Tx task (check timeouts)
 [17:02:04]  TX Element Free, time 241224606, seq 62566, una 62567
 [17:02:07]  RDP 0x5632f55d90c0: Wake Tx task (check timeouts)
 [17:02:14]  RDP 0x5632f55d90c0: Wake Tx task (check timeouts)
 [17:02:28]  RDP 0x5632f55d90c0: Wake Tx task (check timeouts)
 [17:02:28]  RDP 0x5632f55d90c0: Wake Tx task (check timeouts)
 [17:02:29]  RDP 0x5632f55d90c0: Wake Tx task (check timeouts)
 [17:02:38]  OUT: S 8, D 3, Dp 15, Sp 39, Pr 1, Fl 0x03, Sz 5 VIA: KISS
 [17:03:22]  RDP 0x5632f55d8ff0: Wake Tx task (check timeouts)
 [17:03:57]  RDP 0x5632f55d8be0: Wake Tx task (check timeouts)
 [17:04:02]  RDP 0x5632f55d8be0: Wake Tx task (check timeouts)
 [17:04:03]  RDP 0x5632f55d8be0: Wake Tx task (check timeouts)
 [17:04:09]  RDP 0x5632f55d8be0: Wake Tx task (check timeouts)
 [17:04:41]  RDP 0x5632f55d8be0: Wake Tx task (check timeouts)
 [17:04:45]  RDP 0x5632f55d8be0: Wake Tx task (check timeouts)
 [17:04:57]  RDP 0x5632f55d9190: Wake Tx task (check timeouts)
 [17:05:00]  RDP 0x5632f55d9190: Wake Tx task (check timeouts)
 [14:32:40]  RDP 0x5632f55d9330: Wake Tx task (check timeouts)
 [14:33:06]  RDP 0x5632f55d8be0: Wake Tx task (check timeouts)
 [14:33:07]  RDP 0x5632f55d8be0: Wake Tx task (check timeouts)
 [14:33:16]  RDP 0x5632f55d8be0: Wake Tx task (check timeouts)
 [14:33:19]  packet length : 1
 [14:33:21]  RDP 0x5632f55d8be0: Wake Tx task (check timeouts)
 [14:33:21]  RDP 0x5632f55d8be0: Wake Tx task (check timeouts)
 [16:04:27]  RDP 0x5632f55d8f20: Wake Tx task (check timeouts)
 [16:04:28]  RDP 0x5632f55d8f20: Wake Tx task (check timeouts)
 [16:05:32]  RDP 0x5632f55d8cb0: Wake Tx task (check timeouts)
 [16:05:34]  RDP 0x5632f55d8cb0: Wake Tx task (check timeouts)
 [16:05:34]  RDP 0x5632f55d8cb0: Wake Tx task (check timeouts)
 [16:05:38]  RDP 0x5632f55d8cb0: Wake Tx task (check timeouts)
 [16:05:38]  RDP 0x5632f55d8cb0: Wake Tx task (check timeouts)
 [16:05:41]  RDP 0x5632f55d8cb0: Wake Tx task (check timeouts)
 [16:05:46]  RDP 0x5632f55d8cb0: Wake Tx task (check timeouts)
 [16:10:42]  RDP 0x55d5795c7f20: Wake Tx task (check timeouts)
 [16:11:08]  RDP 0x55d5795c8190: Wake Tx task (check timeouts)
 [16:11:08]  RDP 0x55d5795c8190: Wake Tx task (check timeouts)
 [16:11:10]  RDP 0x55d5795c8190: Wake Tx task (check timeouts)
 [16:11:16]  RDP 0x55d5795c8190: Wake Tx task (check timeouts)
 [16:11:19]  RDP 0x55d5795c8190: Wake Tx task (check timeouts)
 [16:12:27]  FTP: Start FTP Downlink
 [16:12:28]  RDP 0x55d5795c7cb0: Wake Tx task (check timeouts)
 [16:12:42]  RDP 0x55d5795c7cb0: Wake Tx task (check timeouts)
 [16:12:42]  RDP 0x55d5795c7cb0: Wake Tx task (check timeouts)
 [16:12:42]  RDP 0x55d5795c7cb0: Wake Tx task (check timeouts)
 [16:12:43]  RDP 0x55d5795c7cb0: Wake Tx task (check timeouts)
 [16:12:44]  RDP 0x55d5795c7cb0: Wake Tx task (check timeouts)
 [16:12:53]  RDP 0x55d5795c7cb0: Wake Tx task (check timeouts)
 [16:13:21]  RDP 0x55d5795c8260: Wake Tx task (check timeouts)
 [16:13:25]  RDP 0x55d5795c8260: Wake Tx task (check timeouts)
 [16:13:28]  RDP 0x55d5795c8260: Wake Tx task (check timeouts)
 [16:13:28]  RDP 0x55d5795c8260: Wake Tx task (check timeouts)
 [16:13:29]  RDP 0x55d5795c8260: Wake Tx task (check timeouts)
 [16:14:01]  RDP 0x55d5795c7cb0: Wake Tx task (check timeouts)
 [14:56:52]  RDP 0x564e3cd08e50: Wake Tx task (check timeouts)
 [14:56:54]  RDP 0x564e3cd08e50: Wake Tx task (check timeouts)
 [14:57:02]  RDP 0x564e3cd08e50: Wake Tx task (check timeouts)
 [14:57:15]  RDP 0x564e3cd08e50: Wake Tx task (check timeouts)
 [16:30:52]  RDP 0x564e3cd08e50: Wake Tx task (check timeouts)
 [16:31:01]  OUT: S 8, D 3, Dp 15, Sp 34, Pr 2, Fl 0x03, Sz 6 VIA: KISS
 [16:31:12]  RDP 0x564e3cd09260: Wake Tx task (check timeouts)
 [16:32:05]  RDP 0x564e3cd09260: Wake Tx task (check timeouts)
 [16:32:35]  RDP 0x564e3cd090c0: RESET out of sequence, keep connection open
 [16:32:41]  RDP 0x564e3cd08ff0: Wake Tx task (check timeouts)
 [16:32:48]  RDP 0x564e3cd08ff0: Wake Tx task (check timeouts)
 [16:32:55]  FTP: Set Streaming Value : 0
 [16:33:20]  packet length : 97

 [16:34:22]  OUT: S 8, D 3, Dp 15, Sp 59, Pr 2, Fl 0x03, Sz 29 VIA: KISS
 [16:34:44]  RDP 0x564e3cd09190: Wake Tx task (check timeouts)
 [16:34:55]  RDP 0x564e3cd09330: Wake Tx task (check timeouts)
 [16:35:16]  RDP 0x564e3cd09330: Wake Tx task (check timeouts)
 [16:36:03]  RDP 0x564e3cd09190: Wake Tx task (check timeouts)
 [16:36:03]  RDP 0x564e3cd09190: Wake Tx task (check timeouts)
 [16:36:04]  RDP 0x564e3cd09190: Wake Tx task (check timeouts)
 [16:36:16]  RDP 0x564e3cd09190: Wake Tx task (check timeouts)
 [16:36:18]  RDP 0x564e3cd09190: Wake Tx task (check timeouts)
 [01:55:13]  RDP 0x564e3cd09260: Wake Tx task (check timeouts)
 [01:55:15]  RDP 0x564e3cd09260: Wake Tx task (check timeouts)
 [01:55:17]  RDP 0x564e3cd09260: Wake Tx task (check timeouts)
 [01:55:20]  RDP: CMP: conn pointer 0x564e3cd09260, packet pointer (nil), flag 2, seq_nr 17264, ack_nr 51765
 [01:55:36]  RDP 0x564e3cd09260: Wake Tx task (check timeouts)
 [01:55:38]  RDP 0x564e3cd09260: Wake Tx task (check timeouts)
 [01:56:24]  RDP 0x564e3cd09260: Wake Tx task (check timeouts)
 [01:57:05]  RDP 0x564e3cd09190: Wake Tx task (check timeouts)
 [01:57:13]  RDP 0x564e3cd09190: Wake Tx task (check timeouts)
 [01:57:17]  RDP 0x564e3cd09190: Wake Tx task (check timeouts)
 [01:57:25]  RDP 0x564e3cd09190: Wake Tx task (check timeouts)
 [01:57:28]  RDP 0x564e3cd09190: Wake Tx task (check timeouts)
 [01:57:28]  RDP 0x564e3cd09190: Wake Tx task (check timeouts)
 [01:57:51]  OUT: S 8, D 3, Dp 15, Sp 37, Pr 1, Fl 0x03, Sz 5 VIA: KISS
 [01:57:54]  RDP 0x564e3cd08ff0: Wake Tx task (check timeouts)
 [01:58:13]  RDP 0x564e3cd09260: Wake Tx task (check timeouts)
 [01:58:16]  RDP 0x564e3cd09260: Wake Tx task (check timeouts)
 [01:58:50]  RDP 0x564e3cd08be0: Wake Tx task (check timeouts)
 [01:58:50]  RDP: CMP: conn pointer 0x564e3cd08be0, packet pointer (nil), flag 2, seq_nr 38477, ack_nr 16801
 [01:58:51]  RDP 0x564e3cd08be0: Wake Tx task (check timeouts)
 [01:58:52]  RDP 0x564e3cd08be0: Wake Tx task (check timeouts)
 [01:58:58]  RDP 0x564e3cd08be0: Wake Tx task (check timeouts)
 [01:58:59]  RDP 0x564e3cd08be0: Wake Tx task (check timeouts)
 [01:59:13]  RDP 0x564e3cd08be0: Wake Tx task (check timeouts)
 [01:59:42]  RDP 0x564e3cd08e50: Wake Tx task (check timeouts)
 [01:59:44]  RDP 0x564e3cd08e50: Wake Tx task (check timeouts)
 [01:59:45]  RDP 0x564e3cd08e50: Wake Tx task (check timeouts)
 [02:00:02]  RDP 0x564e3cd09190: Wake Tx task (check timeouts)
 [02:00:19]  RDP 0x564e3cd09190: Wake Tx task (check timeouts)
 [02:00:28]  RDP 0x564e3cd09190: Wake Tx task (check timeouts)
 [02:01:24]  RDP 0x564e3cd09260: Wake Tx task (check timeouts)
 [02:02:05]  RDP 0x564e3cd09190: Wake Tx task (check timeouts)
 [02:02:09]  RDP 0x564e3cd09190: Wake Tx task (check timeouts)
 [02:02:45]  RDP 0x564e3cd09190: Wake Tx task (check timeouts)
 [02:02:45]  RDP 0x564e3cd09190: Wake Tx task (check timeouts)
 [02:02:52]  RDP 0x564e3cd09190: Wake Tx task (check timeouts)
 [02:03:26]  RDP 0x564e3cd08be0: Wake Tx task (check timeouts)
 [02:03:27]  RDP 0x564e3cd08be0: Wake Tx task (check timeouts)
 [02:03:32]  RDP 0x564e3cd08be0: Wake Tx task (check timeouts)
 [03:30:36]  RDP 0x564e3cd08e50: Wake Tx task (check timeouts)
 [03:31:10]  RDP 0x564e3cd08ff0: AC: Connection OPEN
 [03:31:12]  RDP 0x564e3cd08ff0: Wake Tx task (check timeouts)
 [03:31:18]  RDP 0x564e3cd08ff0: Wake Tx task (check timeouts)
 [03:31:58]  RDP 0x564e3cd09190: Wake Tx task (check timeouts)
 [03:31:59]  RDP 0x564e3cd09190: Wake Tx task (check timeouts)
 [03:32:07]  RDP 0x564e3cd09190: Wake Tx task (check timeouts)
 [03:32:18]  FTP: Start FTP Download.
 [03:32:32]  RDP 0x564e3cd090c0: Wake Tx task (check timeouts)
 [03:32:34]  RDP 0x564e3cd090c0: Wake Tx task (check timeouts)
 [03:32:48]  RDP 0x564e3cd08be0: Wake Tx task (check timeouts)
 [03:32:51]  RDP 0x564e3cd08be0: Wake Tx task (check timeouts)
 [03:32:51]  RDP 0x564e3cd08be0: Wake Tx task (check timeouts)
 [03:32:52]  RDP 0x564e3cd08be0: Wake Tx task (check timeouts)
 [03:32:55]  RDP 0x564e3cd08be0: Wake Tx task (check timeouts)
 [03:33:11]  RDP 0x564e3cd090c0: Received in S 3: syn 0, ack 1, eack 0, rst 0, seq_nr 56387, ack_nr 55346, packet_len 15 (10)
 [03:33:59]  RDP 0x564e3cd08ff0: Wake Tx task (check timeouts)
 [03:34:01]  FTP: FTP Done Completed.
 [03:34:04]  RDP 0x564e3cd08ff0: Wake Tx task (check timeouts)
 [03:35:01]  RDP 0x564e3cd09330: Wake Tx task (check timeouts)
 [03:35:04]  RDP 0x564e3cd09330: Wake Tx task (check timeouts)
 [03:35:17]  RDP 0x564e3cd08ff0: Wake Tx task (check timeouts)
 [03:35:56]  RDP 0x564e3cd09260: Wake Tx task (check timeouts)
 [03:36:17]  RDP 0x564e3cd08cb0: Wake Tx task (check timeouts)
 [03:36:17]  RDP 0x564e3cd08cb0: Wake Tx task (check timeouts)
 [03:36:18]  FTP: FTP Done Completed.
 [03:36:18]  RDP 0x564e3cd08cb0: Wake Tx task (check timeouts)
 [03:36:19]  RDP 0x564e3cd08cb0: Wake Tx task (check timeouts)
 [03:36:24]  RDP 0x564e3cd08cb0: Wake Tx task (check timeouts)
 [03:36:42]  RDP 0x564e3cd08cb0: Wake Tx task (check timeouts)
 [03:36:42]  RDP 0x564e3cd08cb0: RESET in sequence, no more data incoming, reply with RESET
 [03:36:55]  RDP 0x564e3cd09330: Wake Tx task (check timeouts)
 [03:37:01]  RDP 0x564e3cd09330: Wake Tx task (check timeouts)
 [03:37:15]  RDP 0x564e3cd09330: Wake Tx task (check timeouts)
 [03:37:15]  RDP 0x564e3cd09330: Wake Tx task (check timeouts)
 [03:37:52]  RDP 0x564e3cd09260: Got RESET in state 3
 [03:38:02]  RDP 0x564e3cd08be0: Wake Tx task (check timeouts)
 [03:38:13]  RDP 0x564e3cd08be0: Wake Tx task (check timeouts)
 [03:38:26]  RDP 0x564e3cd09330: Wake Tx task (check timeouts)
 [03:38:33]  RDP 0x564e3cd09330: Wake Tx task (check timeouts)
 [03:38:39]  RDP 0x564e3cd09330: Wake Tx task (check timeouts)
 [03:38:40]  RDP 0x564e3cd09330: Wake Tx task (check timeouts)
 [03:38:52]  RDP 0x564e3cd09260: Wake Tx task (check timeouts)
 [03:38:52]  RDP 0x564e3cd09260: Wake Tx task (check timeouts)
 [03:38:56]  RDP 0x564e3cd09260: Wake Tx task (check timeouts)
 [03:39:39]  RDP 0x564e3cd09190: Wake Tx task (check timeouts)
 [03:40:17]  RDP 0x564e3cd090c0: Wake Tx task (check timeouts)
 [03:40:20]  RDP 0x564e3cd090c0: Wake Tx task (check timeouts)
 [03:40:31]  RDP 0x564e3cd090c0: Wake Tx task (check timeouts)
 [03:40:37]  RDP 0x564e3cd08cb0: Wake Tx task (check timeouts)
 [03:40:59]  RDP 0x564e3cd08cb0: Wake Tx task (check timeouts)
 [03:41:10]  RDP 0x564e3cd090c0: Wake Tx task (check timeouts)
 [03:41:36]  RDP 0x564e3cd09190: Wake Tx task (check timeouts)
 [03:41:36]  packet length : 6

 [15:33:19]  RDP 0x55a0c386ae50: Wake Tx task (check timeouts)
 [15:33:55]  RDP 0x55a0c386ae50: Wake Tx task (check timeouts)
 [15:34:03]  RDP 0x55a0c386ae50: Wake Tx task (check timeouts)
 [17:10:24]  OUT: S 8, D 3, Dp 15, Sp 33, Pr 2, Fl 0x03, Sz 67 VIA: KISS
 [17:10:33]  RDP 0x55a0c386b0c0: Wake Tx task (check timeouts)
 [17:10:46]  RDP 0x55a0c386b0c0: Wake Tx task (check timeouts)
 [17:11:10]  RDP 0x55a0c386b330: Wake Tx task (check timeouts)
 [17:11:16]  RDP 0x55a0c386b330: Wake Tx task (check timeouts)
 [17:12:45]  RDP 0x55a0c386b260: Wake Tx task (check timeouts)
 [17:13:32]  RDP 0x55a0c386b190: Wake Tx task (check timeouts)
 [17:13:45]  RDP 0x55a0c386b190: Wake Tx task (check timeouts)
 [17:13:46]  RDP 0x55a0c386b190: Wake Tx task (check timeouts)
 [17:13:46]  RDP 0x55a0c386b190: Wake Tx task (check timeouts)
 [17:14:53]  RDP 0x55a0c386ae50: Wake Tx task (check timeouts)
 [17:15:06]  RDP 0x55a0c386ae50: Wake Tx task (check timeouts)
 [17:15:46]  RDP 0x55a0c386af20: Wake Tx task (check timeouts)
 [17:15:53]  RDP 0x55a0c386af20: Wake Tx task (check timeouts)
 [17:15:56]  RDP 0x55a0c386af20: Wake Tx task (check timeouts)
 [17:16:27]  RDP 0x55a0c386aff0: Wake Tx task (check timeouts)
 [17:17:53]  RDP 0x55a0c386b330: Wake Tx task (check timeouts)
 [17:18:01]  RDP 0x55a0c386b330: Wake Tx task (check timeouts)
 [17:18:14]  RDP 0x55a0c386b330: Wake Tx task (check timeouts)
 [02:34:12]  RDP 0x55a0c386aff0: Wake Tx task (check timeouts)
 [02:34:12]  RDP 0x55a0c386aff0: Wake Tx task (check timeouts)
 [02:34:19]  RDP 0x55a0c386aff0: Wake Tx task (check timeouts)
 [02:34:20]  RDP 0x55a0c386aff0: Wake Tx task (check timeouts)
 [02:34:30]  RDP 0x55a0c386aff0: Wake Tx task (check timeouts)
 [02:34:32]  RDP 0x55a0c386aff0: Wake Tx task (check timeouts)
 [02:34:37]  INP: S 3, D 8, Dp 63, Sp 15, Pr 1, Fl 0x03, Sz 9 VIA: KISS
 [02:34:39]  RDP 0x55a0c386b260: Wake Tx task (check timeouts)
 [02:34:41]  RDP 0x55a0c386b260: Wake Tx task (check timeouts)
 [02:34:47]  RDP 0x55a0c386b260: Wake Tx task (check timeouts)
 [02:34:48]  RDP 0x55a0c386b260: Wake Tx task (check timeouts)
 [02:35:02]  RDP 0x55a0c386b190: Wake Tx task (check timeouts)
 [02:35:16]  RDP 0x55a0c386aff0: Wake Tx task (check timeouts)
 [02:35:16]  RDP 0x55a0c386aff0: Wake Tx task (check timeouts)
 [02:35:20]  RDP 0x55a0c386aff0: Wake Tx task (check timeouts)
 [02:35:33]  RDP 0x55a0c386aff0: Wake Tx task (check timeouts)
 [02:36:03]  RDP 0x55a0c386b330: Wake Tx task (check timeouts)
 [02:36:14]  RDP: CMP: conn pointer 0x55a0c386af20, packet pointer 0x55a0f86ccef0, flag 1, seq_nr 40709, ack_nr 0
 [02:36:33]  RDP 0x55a0c386af20: Wake Tx task (check timeouts)
 [02:40:05]  RDP 0x564e80cb30c0: Wake Tx task (check timeouts)
 [02:40:23]  RDP 0x564e80cb3190: Wake Tx task (check timeouts)
 [02:40:30]  RDP 0x564e80cb3190: Wake Tx task (check timeouts)
 [16:14:08]  No more free connections
 [16:14:08]  No more free connections
 [16:14:08]  No more free connections
 [16:14:09]  No more free connections
 [16:14:09]  No more free connections
 [16:14:09]  No more free connections
 [16:14:09]  No more free connections
 [16:14:09]  No more free connections
 [16:14:09]  No more free connections
 [16:14:09]  No more free connections
 [16:14:09]  No more free connections
 [16:14:09]  No more free connections
 [16:14:09]  No more free connections
 [16:14:09]  No more free connections
 [16:14:09]  No more free connections
 [16:14:09]  No more free connections
 [16:14:09]  No more free connections
 [16:14:09]  No more free connections
 [16:14:09]  No more free connections
 [16:14:09]  No more free connections
 [16:14:09]  No more free connections
 [16:14:09]  No more free connections
 [16:14:09]  No more free connections
 [16:14:09]  No more free connections
 [16:14:09]  No more free connections
 [16:14:09]  No more free connections
 [16:14:09]  No more free connections
 [16:14:09]  No more free connections
 [16:14:09]  No more free connections
 [16:14:10]  No more free connections
 [16:14:10]  No more free connections
 [16:14:10]  No more free connections
 [16:14:10]  No more free connections
 [16:14:10]  No more free connections
 [16:14:10]  No more free connections
 [16:14:10]  No more free connections
 [16:14:10]  No more free connections
 [16:14:10]  No more free connections
 [16:14:10]  No more free connections
 [16:14:10]  No more free connections
 [16:14:10]  No more free connections
 [16:14:10]  No more free connections
 [16:14:10]  No more free connections
 [16:14:10]  No more free connections
 [16:14:10]  No more free connections
 [16:14:10]  No more free connections
 [16:14:10]  No more free connections
 [16:14:10]  No more free connections
 [07:14:10]  No more free connections
 [16:14:10]  No more free connections
 [16:14:10]  No more free connections
 [16:14:10]  No more free connections
 [16:14:10]  No more free connections
 [16:14:10]  No more free connections
 [16:14:10]  No more free connections
 [16:14:11]  No more free connections
 [16:14:11]  No more free connections
 [16:14:11]  No more free connections
 [16:14:11]  No more free connections
 [16:14:11]  No more free connections
 [16:14:11]  No more free connections
 [16:14:11]  No more free connections
 [16:14:13]  No more free connections
 [16:14:14]  No more free connections
 [16:14:14]  No more free connections
 [16:14:15]  No more free connections
 [16:14:15]  No more free connections
 [16:14:15]  No more free connections
 [16:14:16]  No more free connections
 [16:14:16]  No more free connections
 [16:14:16]  No more free connections
 [16:14:16]  No more free connections
 [16:14:17]  No more free connections
 [16:14:18]  No more free connections
 [16:14:18]  No more free connections
 [16:14:18]  No more free connections
 [16:14:18]  No more free connections
 [16:14:18]  No more free connections
 [16:14:18]  No more free connections
 [16:14:18]  No more free connections
 [16:14:19]  No more free connections
 [16:14:19]  No more free connections
 [16:14:19]  No more free connections
 [16:14:19]  No more free connections
 [16:14:19]  No more free connections
 [16:14:19]  No more free connections
 [16:14:19]  No more free connections
 [16:14:19]  No more free connections
 [16:14:21]  No more free connections
 [16:14:21]  No more free connections
 [16:14:21]  No more free connections
 [16:14:21]  No more free connections
 [16:14:22]  No more free connections
 [16:14:22]  No more free connections
 [16:14:22]  No more free connections
 [16:14:22]  No more free connections
 [16:14:22]  No more free connections
 [16:14:23]  No more free connections
 [16:14:23]  No more free connections
 [16:14:23]  No more free connections
 [16:14:23]  No more free connections
 [16:14:23]  No more free connections
 [16:14:23]  No more free connections
 [16:14:24]  No more free connections
 [16:14:24]  No more free connections
 [16:14:24]  No more free connections
 [16:14:25]  No more free connections
 [16:14:25]  No more free connections
 [16:14:25]  No more free connections
 [16:17:18]  No more free connections
 [16:17:18]  No more free connections
 [16:17:18]  No more free connections
 [16:17:19]  No more free connections
 [16:17:19]  No more free connections
 [16:17:19]  No more free connections
 [16:17:19]  No more free connections
 [16:17:20]  No more free connections
 [16:17:20]  No more free connections
 [16:17:20]  No more free connections
 [16:17:20]  No more free connections
 [16:17:21]  No more free connections
 [16:17:21]  No more free connections
 [16:17:21]  No more free connections
 [16:17:21]  No more free connections
 [16:17:22]  No more free connections
 [16:20:08]  No more free connections
 [16:20:08]  No more free connections
 [16:20:08]  No more free connections
 [16:20:08]  No more free connections
 [16:20:08]  No more free connections
 [16:20:08]  No more free connections
 [16:20:08]  No more free connections
 [16:20:08]  No more free connections
 [16:20:09]  No more free connections
 [16:20:09]  No more free connections
 [16:20:09]  No more free connections
 [16:20:09]  No more free connections
 [16:20:10]  No more free connections
 [16:20:10]  No more free connections
 [16:20:10]  No more free connections
 [16:20:10]  No more free connections
 [16:20:10]  No more free connections
 [16:20:10]  No more free connections
 [16:20:11]  No more free connections
 [16:20:12]  No more free connections
 [16:20:12]  No more free connections
 [16:20:12]  No more free connections
 [16:20:12]  No more free connections
 [15:18:45]  RDP 0x55b2da3220c0: Wake Tx task (check timeouts)
 [15:18:46]  RDP 0x55b2da3220c0: Wake Tx task (check timeouts)
 [15:18:47]  RDP 0x55b2da3220c0: Wake Tx task (check timeouts)
 [15:18:54]  RDP 0x55b2da3220c0: Wake Tx task (check timeouts)
 [15:19:11]  RDP: CMP: conn pointer 0x55b2da322260, packet pointer (nil), flag 2, seq_nr 60583, ack_nr 22359
 [15:19:25]  RDP 0x55b2da322260: Wake Tx task (check timeouts)
 [15:19:42]  RDP 0x55b2da322260: Wake Tx task (check timeouts)
 [15:20:11]  RDP 0x55b2da321cb0: Wake Tx task (check timeouts)
 [15:20:25]  RDP 0x55b2da321cb0: Wake Tx task (check timeouts)
 [15:20:38]  RDP 0x55b2da321cb0: Wake Tx task (check timeouts)
 [15:20:39]  RDP 0x55b2da321cb0: Wake Tx task (check timeouts)
 [15:21:12]  RDP 0x55b2da322330: Wake Tx task (check timeouts)
 [15:21:15]  RDP 0x55b2da322330: Wake Tx task (check timeouts)
 [15:21:36]  RDP 0x55b2da322330: Wake Tx task (check timeouts)
 [15:21:44]  RDP 0x55b2da322330: Wake Tx task (check timeouts)
 [15:21:45]  RDP 0x55b2da322330: Wake Tx task (check timeouts)
 [15:21:45]  RDP 0x55b2da322330: Wake Tx task (check timeouts)
 [15:21:50]  RDP 0x55b2da322330: Wake Tx task (check timeouts)
 [15:22:38]  RDP 0x55b2da3220c0: Wake Tx task (check timeouts)
 [15:22:46]  RDP 0x55b2da3220c0: Wake Tx task (check timeouts)
 [15:22:47]  RDP 0x55b2da3220c0: Wake Tx task (check timeouts)
 [15:22:49]  RDP 0x55b2da3220c0: Wake Tx task (check timeouts)
 [15:22:49]  RDP 0x55b2da3220c0: Wake Tx task (check timeouts)
 [15:23:30]  RDP 0x55b2da321f20: Wake Tx task (check timeouts)
 [15:23:32]  RDP 0x55b2da321f20: Wake Tx task (check timeouts)
 [15:23:35]  RDP 0x55b2da321f20: Wake Tx task (check timeouts)
 [15:23:37]  RDP 0x55b2da321f20: Wake Tx task (check timeouts)
 [15:23:37]  RDP 0x55b2da321f20: Wake Tx task (check timeouts)
 [15:23:38]  RDP 0x55b2da321f20: Wake Tx task (check timeouts)
 [15:23:38]  RDP 0x55b2da321f20: Wake Tx task (check timeouts)
 [15:23:39]  RDP 0x55b2da321f20: Wake Tx task (check timeouts)
 [15:26:13]  OUT: S 8, D 3, Dp 15, Sp 58, Pr 1, Fl 0x03, Sz 5 VIA: KISS
 [16:54:15]  RDP 0x55b2da3220c0: Wake Tx task (check timeouts)
 [16:54:39]  RDP 0x55b2da322190: Wake Tx task (check timeouts)
 [16:54:52]  RDP 0x55b2da322190: Wake Tx task (check timeouts)
 [16:54:53]  RDP 0x55b2da322190: Wake Tx task (check timeouts)
 [16:54:54]  RDP 0x55b2da322190: Wake Tx task (check timeouts)
 [16:55:02]  RDP 0x55b2da322260: Wake Tx task (check timeouts)
 [16:55:06]  RDP 0x55b2da322260: Wake Tx task (check timeouts)
 [16:55:08]  RDP 0x55b2da322260: Wake Tx task (check timeouts)
 [16:55:09]  RDP 0x55b2da322260: Wake Tx task (check timeouts)
 [16:55:09]  RDP 0x55b2da322260: Wake Tx task (check timeouts)
 [16:56:35]  RDP 0x55b2da322330: Wake Tx task (check timeouts)
 [16:56:37]  RDP 0x55b2da322330: Wake Tx task (check timeouts)
 [16:56:37]  RDP 0x55b2da322330: Wake Tx task (check timeouts)
 [16:56:55]  RDP 0x55b2da322330: Wake Tx task (check timeouts)
 [16:57:27]  RDP 0x55b2da321ff0: Wake Tx task (check timeouts)
 [16:58:27]  RDP 0x55b2da3220c0: Wake Tx task (check timeouts)
 [16:59:16]  TX Element Free, time 65780203, seq 17038, una 17039
 [02:18:45]  RDP 0x55b2da321be0: Wake Tx task (check timeouts)
 [02:18:46]  RDP 0x55b2da321be0: Wake Tx task (check timeouts)
 [02:18:47]  RDP 0x55b2da321be0: Wake Tx task (check timeouts)
 [02:18:58]  RDP 0x55b2da321be0: Wake Tx task (check timeouts)
 [02:19:06]  RDP 0x55b2da322260: Wake Tx task (check timeouts)
 [02:19:27]  RDP: CMP: conn pointer 0x55b2da322260, packet pointer (nil), flag 2, seq_nr 4949, ack_nr 34597
 [02:20:00]  RDP 0x55b2da3220c0: Wake Tx task (check timeouts)
 [02:20:15]  RDP 0x55b2da3220c0: Wake Tx task (check timeouts)
 [02:20:30]  RDP 0x55b2da322260: Wake Tx task (check timeouts)
 [02:21:26]  RDP 0x55b2da322260: Wake Tx task (check timeouts)
 [02:21:28]  RDP 0x55b2da322260: Wake Tx task (check timeouts)
 [02:23:19]  RDP 0x55b2da321cb0: Wake Tx task (check timeouts)
 [02:23:47]  RDP 0x55b2da3220c0: Wake Tx task (check timeouts)
 [02:23:54]  RDP 0x55b2da3220c0: Wake Tx task (check timeouts)
 [02:24:16]  RDP 0x55b2da3220c0: Wake Tx task (check timeouts)
 [02:25:48]  RDP 0x55b2da321e50: Wake Tx task (check timeouts)
 [02:25:58]  RDP 0x55b2da321e50: Wake Tx task (check timeouts)
 [02:26:10]  OUT: S 8, D 3, Dp 15, Sp 49, Pr 1, Fl 0x03, Sz 5 VIA: KISS
 [02:26:22]  RDP 0x55b2da322330: Wake Tx task (check timeouts)
 [02:26:24]  RDP 0x55b2da322330: Wake Tx task (check timeouts)
 [02:27:27]  RDP 0x55b2da321be0: Wake Tx task (check timeouts)
 [02:27:36]  RDP 0x55b2da321be0: Wake Tx task (check timeouts)
 [03:55:30]  RDP 0x55b2da322330: Wake Tx task (check timeouts)
 [03:56:06]  RDP 0x55b2da321e50: Wake Tx task (check timeouts)
 [03:56:06]  RDP 0x55b2da321e50: Wake Tx task (check timeouts)
 [03:56:35]  RDP 0x55b2da322260: Wake Tx task (check timeouts)
 [03:56:36]  RDP 0x55b2da322260: Wake Tx task (check timeouts)
 [03:57:00]  RDP 0x55b2da322260: Wake Tx task (check timeouts)
 [03:57:40]  RDP 0x55b2da321e50: Wake Tx task (check timeouts)
 [03:58:17]  RDP 0x55b2da321cb0: Wake Tx task (check timeouts)
 [03:58:30]  RDP 0x55b2da321cb0: Wake Tx task (check timeouts)
 [03:58:30]  RDP 0x55b2da321cb0: Wake Tx task (check timeouts)
 [03:58:30]  RDP 0x55b2da321cb0: Wake Tx task (check timeouts)
 [03:58:36]  RDP 0x55b2da321cb0: Wake Tx task (check timeouts)
 [03:58:36]  RDP 0x55b2da321cb0: Wake Tx task (check timeouts)
 [03:58:36]  RDP 0x55b2da321cb0: Wake Tx task (check timeouts)
 [03:59:14]  RDP 0x55b2da322330: Wake Tx task (check timeouts)
 [04:00:25]  FTP: FTP Close Completed.
 [04:01:00]  RDP 0x55b2da321cb0: Wake Tx task (check timeouts)
 [04:01:02]  RDP 0x55b2da321cb0: Wake Tx task (check timeouts)
 [04:01:28]  RDP 0x55b2da321e50: Wake Tx task (check timeouts)
 [04:01:42]  RDP 0x55b2da321e50: Wake Tx task (check timeouts)
 [04:02:24]  RDP 0x55b2da322330: Wake Tx task (check timeouts)
 [04:03:13]  RDP 0x55b2da321ff0: Wake Tx task (check timeouts)
 [04:03:46]  RDP 0x55b2da321e50: Wake Tx task (check timeouts)
 [04:04:57]  OUT: S 8, D 3, Dp 15, Sp 53, Pr 1, Fl 0x03, Sz 5 VIA: KISS
 [04:05:34]  RDP 0x55b2da321f20: Wake Tx task (check timeouts)
 [04:05:40]  OUT: S 8, D 3, Dp 15, Sp 61, Pr 1, Fl 0x03, Sz 5 VIA: KISS
 [04:05:56]  OUT: S 8, D 3, Dp 15, Sp 61, Pr 1, Fl 0x03, Sz 5 VIA: KISS
 [04:05:58]  RDP 0x55b2da321ff0: Wake Tx task (check timeouts)
 [15:55:40]  INP: S 3, D 8, Dp 50, Sp 13, Pr 1, Fl 0x01, Sz 5 VIA: KISS
 [15:56:31]  RDP 0x55b2da321ff0: Wake Tx task (check timeouts)
 [15:56:42]  FTP Temporary Patch : Switch to RX in Force.
 [15:57:37]  RDP 0x55b2da322260: Wake Tx task (check timeouts)
 [15:57:45]  RDP 0x55b2da322260: Wake Tx task (check timeouts)
 [15:57:47]  RDP 0x55b2da322260: Wake Tx task (check timeouts)
 [15:57:47]  RDP 0x55b2da322260: Wake Tx task (check timeouts)
 [15:57:47]  RDP 0x55b2da322260: Wake Tx task (check timeouts)
 [15:57:48]  FTP: Download : 110/34390 (info)
 [15:57:58]  RDP 0x55b2da322260: Wake Tx task (check timeouts)
 [15:58:05]  RDP 0x55b2da322260: Wake Tx task (check timeouts)
 [15:58:11]  RDP 0x55b2da322260: Wake Tx task (check timeouts)
 [15:58:27]  RDP 0x55b2da321f20: Wake Tx task (check timeouts)
 [15:58:31]  RDP 0x55b2da321f20: Wake Tx task (check timeouts)
 [15:58:41]  RDP 0x55b2da321f20: Wake Tx task (check timeouts)
 [15:58:47]  RDP 0x55b2da321f20: Wake Tx task (check timeouts)
 [15:58:51]  RDP 0x55b2da321f20: Wake Tx task (check timeouts)
 [15:59:53]  INP: S 3, D 8, Dp 32, Sp 15, Pr 1, Fl 0x03, Sz 9 VIA: KISS
 [16:00:45]  RDP 0x55b2da322330: Wake Tx task (check timeouts)
 [16:00:49]  RDP 0x55b2da322330: Wake Tx task (check timeouts)
 [16:00:51]  RDP 0x55b2da322330: Wake Tx task (check timeouts)
 [16:01:03]  RDP 0x55b2da322330: Wake Tx task (check timeouts)
 [16:01:21]  RDP 0x55b2da321ff0: Wake Tx task (check timeouts)
 [16:01:31]  RDP 0x55b2da321ff0: Wake Tx task (check timeouts)
 [16:01:39]  RDP 0x55b2da321ff0: Wake Tx task (check timeouts)
 [16:02:15]  RDP 0x55b2da3220c0: Wake Tx task (check timeouts)
 [16:02:29]  RDP 0x55b2da3220c0: Wake Tx task (check timeouts)
 [16:02:41]  INP: S 3, D 8, Dp 34, Sp 15, Pr 1, Fl 0x03, Sz 9 VIA: KISS
 [16:02:51]  RDP 0x55b2da321be0: Wake Tx task (check timeouts)
 [16:02:52]  RDP 0x55b2da321be0: Wake Tx task (check timeouts)
 [16:04:13]  RDP 0x55b2da322330: Wake Tx task (check timeouts)
 [16:04:17]  RDP 0x55b2da322330: Wake Tx task (check timeouts)
 [16:04:27]  RDP 0x55b2da322330: Wake Tx task (check timeouts)
 [16:04:36]  RDP 0x55b2da322330: Wake Tx task (check timeouts)
 [02:47:33]  RDP 0x55f55ba32cb0: Wake Tx task (check timeouts)
 [02:47:36]  INP: S 3, D 8, Dp 44, Sp 15, Pr 1, Fl 0x03, Sz 9 VIA: KISS
 [02:47:39]  RDP 0x55f55ba32cb0: Wake Tx task (check timeouts)
 [02:49:39]  RDP 0x55f55ba33190: Wake Tx task (check timeouts)
 [02:49:49]  RDP 0x55f55ba33190: Wake Tx task (check timeouts)
 [02:49:51]  RDP 0x55f55ba33190: Wake Tx task (check timeouts)
 [02:49:51]  RDP 0x55f55ba33190: Wake Tx task (check timeouts)
 [16:22:04]  RDP 0x55c95cefcf20: Wake Tx task (check timeouts)
 [16:22:16]  RDP 0x55c95cefcf20: Wake Tx task (check timeouts)
 [16:22:16]  RDP 0x55c95cefcf20: Wake Tx task (check timeouts)
 [16:22:28]  RDP 0x55c95cefccb0: Wake Tx task (check timeouts)
 [16:22:30]  RDP 0x55c95cefccb0: Wake Tx task (check timeouts)
 [07:23:01]  packet length : 97

 [16:23:08]  RDP 0x55c95cefd330: Wake Tx task (check timeouts)
 [15:25:32]  RDP 0x55fdc5592190: Wake Tx task (check timeouts)
 [15:25:32]  RDP 0x55fdc5592190: Wake Tx task (check timeouts)
 [15:25:33]  RDP 0x55fdc5592190: Wake Tx task (check timeouts)
 [15:25:35]  RDP 0x55fdc5592190: Wake Tx task (check timeouts)
 [15:25:36]  RDP 0x55fdc5592190: Wake Tx task (check timeouts)
 [15:26:35]  RDP 0x55fdc5592260: Wake Tx task (check timeouts)
 [15:27:13]  RDP 0x55fdc5592260: Wake Tx task (check timeouts)
 [15:27:17]  RDP 0x55fdc5592260: Wake Tx task (check timeouts)
 [15:28:45]  RDP 0x55fdc5591cb0: Wake Tx task (check timeouts)
 [15:29:00]  RDP: CMP: conn pointer 0x55fdc5591f20, packet pointer (nil), flag 2, seq_nr 22451, ack_nr 53287
 [16:04:22]  RDP 0x563469e35f20: Wake Tx task (check timeouts)
 [16:04:29]  RDP 0x563469e35f20: Wake Tx task (check timeouts)
 [16:05:13]  RDP 0x563469e35f20: Wake Tx task (check timeouts)
 [16:08:35]  RDP 0x563469e36330: Wake Tx task (check timeouts)
 [16:09:09]  RDP 0x563469e36260: Wake Tx task (check timeouts)
 [16:09:09]  RDP 0x563469e36260: Wake Tx task (check timeouts)
 [16:09:11]  RDP 0x563469e36260: Wake Tx task (check timeouts)
 [16:09:39]  RDP 0x563469e36260: Wake Tx task (check timeouts)
 [16:10:26]  RDP 0x563469e360c0: Wake Tx task (check timeouts)
 [16:10:43]  RDP 0x563469e360c0: Wake Tx task (check timeouts)
 [16:10:45]  FTP: FTP Done Completed.
 [16:16:47]  RDP 0x55c359d59ff0: Wake Tx task (check timeouts)
 [16:17:51]  RDP 0x55c359d59f20: Wake Tx task (check timeouts)
 [16:18:02]  RDP 0x55c359d59f20: Wake Tx task (check timeouts)
 [03:13:59]  RDP 0x5609c1635330: Wake Tx task (check timeouts)
 [18:15:20]  RDP 0x5609c1635260: Wake Tx task (check timeouts)
 [03:16:55]  packet length : 6

 [02:59:38]  RDP 0x559891544cb0: Wake Tx task (check timeouts)
 [03:38:47]  RX Delay : 1183640 microsecond.
 [15:42:00]  RDP 0x55d4f2570ff0: Wake Tx task (check timeouts)
 [15:42:51]  RDP 0x55d4f2571260: Wake Tx task (check timeouts)
 [15:21:28]  RDP 0x55a1c8372e50: Wake Tx task (check timeouts)
 [15:22:21]  RDP 0x55a1c8372d80: Wake Tx task (check timeouts)
 [15:24:01]  RDP 0x55a1c8372ff0: Wake Tx task (check timeouts)
 [15:26:43]  INP: S 3, D 8, Dp 43, Sp 16, Pr 1, Fl 0x03, Sz 19 VIA: KISS
 [15:29:18]  INP: S 3, D 8, Dp 52, Sp 16, Pr 1, Fl 0x03, Sz 9 VIA: KISS
