 [02:42:40]  Set Debug : True.
 [02:43:04]  INP: S 3, D 8, Dp 31, Sp 61, Pr 2, Fl 0x01, Sz 116 VIA: KISS
 [02:43:14]  INP: S 3, D 8, Dp 31, Sp 48, Pr 2, Fl 0x01, Sz 116 VIA: KISS
 [02:43:24]  INP: S 3, D 8, Dp 31, Sp 35, Pr 2, Fl 0x01, Sz 116 VIA: KISS
 [02:43:34]  INP: S 3, D 8, Dp 31, Sp 54, Pr 2, Fl 0x01, Sz 116 VIA: KISS
 [02:43:44]  INP: S 3, D 8, Dp 31, Sp 41, Pr 2, Fl 0x01, Sz 116 VIA: KISS
 [02:43:50]  OUT: S 8, D 3, Dp 27, Sp 59, Pr 1, Fl 0x01, Sz 201 VIA: KISS
 [02:43:51]  RX Delay : 1183640 microsecond.
 [02:44:04]  INP: S 3, D 8, Dp 31, Sp 47, Pr 2, Fl 0x01, Sz 116 VIA: KISS
 [02:44:14]  INP: S 3, D 8, Dp 31, Sp 34, Pr 2, Fl 0x01, Sz 116 VIA: KISS
 [02:44:24]  INP: S 3, D 8, Dp 31, Sp 46, Pr 2, Fl 0x01, Sz 116 VIA: KISS
 [02:44:32]  OUT: S 8, D 3, Dp 27, Sp 62, Pr 1, Fl 0x01, Sz 201 VIA: KISS
 [02:44:33]  RX Delay : 1183640 microsecond.
 [02:44:33]  INP: S 3, D 8, Dp 62, Sp 27, Pr 1, Fl 0x01, Sz 10 VIA: KISS
 [02:44:34]  INP: S 3, D 8, Dp 31, Sp 55, Pr 2, Fl 0x01, Sz 116 VIA: KISS
 [02:44:44]  INP: S 3, D 8, Dp 31, Sp 39, Pr 2, Fl 0x01, Sz 116 VIA: KISS
 [02:44:47]  OUT: S 8, D 3, Dp 13, Sp 53, Pr 1, Fl 0x01, Sz 5 VIA: KISS
 [02:44:48]  INP: S 3, D 8, Dp 53, Sp 13, Pr 1, Fl 0x01, Sz 5 VIA: KISS
 [02:44:51]  FTP: Start FTP Downlink. (info)
 [02:44:51]  FTP: Start FTP Downlink
 [02:44:51]  FTP: Confirmed File URLs.
 [02:44:51]  FTP: Create Connection.
 [02:44:51]  RDP 0x555555f93cb0: Active connect, conn state 0
 [02:44:51]  RDP 0x555555f93cb0: AC: Sending SYN
 [02:44:51]  RDP: CMP: conn pointer 0x555555f93cb0, packet pointer 0x55558a0b8ef0, flag 1, seq_nr 18976, ack_nr 0
 [02:44:51]  OUT: S 8, D 3, Dp 16, Sp 61, Pr 1, Fl 0x03, Sz 29 VIA: KISS
 [02:44:52]  RDP 0x555555f93cb0: AC: Waiting for SYN/ACK reply...
 [02:44:52]  INP: S 3, D 8, Dp 61, Sp 16, Pr 1, Fl 0x03, Sz 9 VIA: KISS
 [02:44:52]  RDP 0x555555f93cb0: Received in S 1: syn 1, ack 1, eack 0, rst 0, seq_nr 55806, ack_nr 18976, packet_len 5 (0)
 [02:44:52]  RDP: NP: Connection OPEN
 [02:44:52]  RDP: CMP: conn pointer 0x555555f93cb0, packet pointer (nil), flag 2, seq_nr 18977, ack_nr 55806
 [02:44:52]  OUT: S 8, D 3, Dp 16, Sp 61, Pr 1, Fl 0x03, Sz 5 VIA: KISS
 [02:44:53]  RDP 0x555555f93cb0: Wake Tx task (ack)
 [02:44:53]  TX Element Free, time 1396917329, seq 18976, una 18977
 [02:44:53]  RDP 0x555555f93cb0: AC: Connection OPEN
 [02:44:53]  RDP 0x555555f93cb0: Wake Tx task (check timeouts)
 [02:44:53]  RDP 0x555555f93cb0: Wake Tx task (check timeouts)
 [02:44:53]  RDP 0x555555f93cb0: Wake Tx task (check timeouts)
 [02:44:53]  RDP 0x555555f93cb0: Wake Tx task (check timeouts)
 [02:44:53]  RDP 0x555555f93cb0: Wake Tx task (check timeouts)
 [02:44:53]  RDP 0x555555f93cb0: Wake Tx task (check timeouts)
 [02:44:53]  RDP 0x555555f93cb0: Wake Tx task (check timeouts)
 [02:44:54]  RDP 0x555555f93cb0: Wake Tx task (check timeouts)
 [02:44:54]  RDP 0x555555f93cb0: Wake Tx task (check timeouts)
 [02:44:54]  RDP 0x555555f93cb0: Wake Tx task (check timeouts)
 [02:44:54]  RDP 0x555555f93cb0: Wake Tx task (check timeouts)
 [02:44:54]  RDP 0x555555f93cb0: Wake Tx task (check timeouts)
 [02:44:54]  RDP 0x555555f93cb0: Wake Tx task (check timeouts)
 [02:44:54]  RDP 0x555555f93cb0: Wake Tx task (check timeouts)
 [02:44:54]  RDP 0x555555f93cb0: Wake Tx task (check timeouts)
 [02:44:54]  RDP 0x555555f93cb0: Wake Tx task (check timeouts)
 [02:44:54]  RDP 0x555555f93cb0: Wake Tx task (check timeouts)
 [02:44:54]  RDP 0x555555f93cb0: Wake Tx task (check timeouts)
 [02:44:54]  RDP 0x555555f93cb0: Wake Tx task (check timeouts)
 [02:44:54]  RDP 0x555555f93cb0: Wake Tx task (check timeouts)
 [02:44:54]  RDP 0x555555f93cb0: Wake Tx task (check timeouts)
 [02:44:54]  INP: S 3, D 8, Dp 61, Sp 16, Pr 1, Fl 0x03, Sz 9 VIA: KISS
 [02:44:54]  RDP 0x555555f93cb0: Received in S 3: syn 0, ack 1, eack 0, rst 0, seq_nr 55807, ack_nr 18976, packet_len 5 (0)
 [02:44:54]  RDP 0x555555f93cb0: Wake Tx task (check timeouts)
 [02:44:54]  RDP 0x555555f93cb0: Wake Tx task (check timeouts)
 [02:44:54]  RDP 0x555555f93cb0: Wake Tx task (check timeouts)
 [02:44:54]  RDP 0x555555f93cb0: Wake Tx task (check timeouts)
 [02:44:54]  RDP 0x555555f93cb0: Wake Tx task (check timeouts)
 [02:44:54]  RDP 0x555555f93cb0: Wake Tx task (check timeouts)
 [02:44:54]  RDP 0x555555f93cb0: Wake Tx task (check timeouts)
 [02:44:54]  RDP 0x555555f93cb0: Wake Tx task (check timeouts)
 [02:44:54]  RDP 0x555555f93cb0: Wake Tx task (check timeouts)
 [02:44:54]  RDP 0x555555f93cb0: Wake Tx task (check timeouts)
 [02:44:54]  RDP 0x555555f93cb0: Wake Tx task (check timeouts)
 [02:44:54]  RDP 0x555555f93cb0: Wake Tx task (check timeouts)
 [02:44:54]  RDP 0x555555f93cb0: Wake Tx task (check timeouts)
 [02:44:54]  RDP: CMP: conn pointer 0x555555f93cb0, packet pointer (nil), flag 2, seq_nr 18977, ack_nr 55806
 [02:44:54]  OUT: S 8, D 3, Dp 16, Sp 61, Pr 1, Fl 0x03, Sz 5 VIA: KISS
 [02:44:55]  RDP 0x555555f93cb0: Wake Tx task (check timeouts)
 [02:44:55]  RDP 0x555555f93cb0: Wake Tx task (check timeouts)
 [02:44:55]  RDP 0x555555f93cb0: Wake Tx task (check timeouts)
 [02:44:55]  RDP 0x555555f93cb0: Wake Tx task (check timeouts)
 [02:44:55]  RDP 0x555555f93cb0: Wake Tx task (check timeouts)
 [02:44:55]  RDP 0x555555f93cb0: Wake Tx task (check timeouts)
 [02:44:55]  RDP 0x555555f93cb0: Wake Tx task (check timeouts)
 [02:44:55]  RDP 0x555555f93cb0: Wake Tx task (check timeouts)
 [02:44:55]  RDP 0x555555f93cb0: Wake Tx task (check timeouts)
 [02:44:55]  RDP 0x555555f93cb0: Wake Tx task (check timeouts)
 [02:44:55]  RDP 0x555555f93cb0: Wake Tx task (check timeouts)
 [02:44:55]  RDP 0x555555f93cb0: Wake Tx task (check timeouts)
 [02:44:55]  RDP 0x555555f93cb0: Wake Tx task (check timeouts)
 [02:44:55]  RDP 0x555555f93cb0: Wake Tx task (check timeouts)
 [02:44:55]  RDP 0x555555f93cb0: Wake Tx task (check timeouts)
 [02:44:55]  RDP 0x555555f93cb0: Wake Tx task (check timeouts)
 [02:44:55]  RDP 0x555555f93cb0: Wake Tx task (check timeouts)
 [02:44:55]  RDP 0x555555f93cb0: Wake Tx task (check timeouts)
 [02:44:55]  RDP 0x555555f93cb0: Wake Tx task (check timeouts)
 [02:44:55]  RDP 0x555555f93cb0: Wake Tx task (check timeouts)
 [02:44:55]  RDP 0x555555f93cb0: Wake Tx task (check timeouts)
 [02:44:55]  RDP 0x555555f93cb0: Wake Tx task (check timeouts)
 [02:44:55]  RDP 0x555555f93cb0: Wake Tx task (check timeouts)
 [02:44:55]  RDP 0x555555f93cb0: Wake Tx task (check timeouts)
 [02:44:55]  RDP 0x555555f93cb0: Wake Tx task (check timeouts)
 [02:44:55]  RDP 0x555555f93cb0: Wake Tx task (check timeouts)
 [02:44:55]  FTP: Connection Created. Send File Request
 [02:44:55]  RX Delay : 1193732 microsecond.
 [02:44:55]  packet length : 62
 [02:44:55]  RDP 0x555555f93cb0: Wake Tx task (check timeouts)
 [02:44:55]  RDP 0x555555f93cb0: Wake Tx task (check timeouts)
 [02:44:55]  packet length : 67

 [02:44:55]  RDP: Sending  in S 3: syn 0, ack 1, eack 0, rst 0, seq_nr 18977, ack_nr 55806, packet_len 67 (62)
 [02:44:55]  RDP 0x555555f93cb0: Wake Tx task (check timeouts)
 [02:44:55]  RDP 0x555555f93cb0: Wake Tx task (check timeouts)
 [02:44:55]  OUT: S 8, D 3, Dp 16, Sp 61, Pr 2, Fl 0x03, Sz 67 VIA: KISS
 [02:44:55]  RDP 0x555555f93cb0: Wake Tx task (check timeouts)
 [02:44:55]  RDP 0x555555f93cb0: Wake Tx task (check timeouts)
 [02:44:55]  RDP 0x555555f93cb0: Wake Tx task (check timeouts)
 [02:44:55]  RDP 0x555555f93cb0: Wake Tx task (check timeouts)
 [02:44:56]  RDP 0x555555f93cb0: Wake Tx task (check timeouts)
 [02:44:56]  RDP 0x555555f93cb0: Wake Tx task (check timeouts)
 [02:44:56]  RDP 0x555555f93cb0: Wake Tx task (check timeouts)
 [02:44:56]  RDP 0x555555f93cb0: Wake Tx task (check timeouts)
 [02:44:56]  RDP 0x555555f93cb0: Wake Tx task (check timeouts)
 [02:44:56]  RDP 0x555555f93cb0: Wake Tx task (check timeouts)
 [02:44:56]  RDP 0x555555f93cb0: Wake Tx task (check timeouts)
 [02:44:56]  RDP 0x555555f93cb0: Wake Tx task (check timeouts)
 [02:44:56]  RDP 0x555555f93cb0: Wake Tx task (check timeouts)
 [02:44:56]  RDP 0x555555f93cb0: Wake Tx task (check timeouts)
 [02:44:56]  RDP 0x555555f93cb0: Wake Tx task (check timeouts)
 [02:44:56]  RDP 0x555555f93cb0: Wake Tx task (check timeouts)
 [02:44:56]  RDP 0x555555f93cb0: Wake Tx task (check timeouts)
 [02:44:56]  RDP 0x555555f93cb0: Wake Tx task (check timeouts)
 [02:44:56]  RDP 0x555555f93cb0: Wake Tx task (check timeouts)
 [02:44:56]  RDP 0x555555f93cb0: Wake Tx task (check timeouts)
 [02:44:56]  RDP 0x555555f93cb0: Wake Tx task (check timeouts)
 [02:44:56]  RDP 0x555555f93cb0: Wake Tx task (check timeouts)
 [02:44:56]  RDP 0x555555f93cb0: Wake Tx task (check timeouts)
 [02:44:56]  RDP 0x555555f93cb0: Wake Tx task (check timeouts)
 [02:44:56]  RDP 0x555555f93cb0: Wake Tx task (check timeouts)
 [02:44:56]  INP: S 3, D 8, Dp 61, Sp 16, Pr 1, Fl 0x03, Sz 9 VIA: KISS
 [02:44:56]  RDP 0x555555f93cb0: Received in S 3: syn 0, ack 1, eack 0, rst 0, seq_nr 55807, ack_nr 18977, packet_len 5 (0)
 [02:44:56]  TX Element Free, time 1396921340, seq 18977, una 18978
 [02:44:56]  RDP 0x555555f93cb0: Wake Tx task (check timeouts)
 [02:44:56]  RDP 0x555555f93cb0: Wake Tx task (check timeouts)
 [02:44:56]  RDP 0x555555f93cb0: Wake Tx task (check timeouts)
 [02:44:56]  RDP 0x555555f93cb0: Wake Tx task (check timeouts)
 [02:44:56]  INP: S 3, D 8, Dp 61, Sp 16, Pr 1, Fl 0x03, Sz 19 VIA: KISS
 [02:44:56]  RDP 0x555555f93cb0: Received in S 3: syn 0, ack 1, eack 0, rst 0, seq_nr 55807, ack_nr 18977, packet_len 15 (10)
 [02:44:56]  FTP: Received FTP Download Spec. Filesize : 503, CRC : 2044871939. (info)
 [02:44:56]  RDP 0x555555f93cb0: Wake Tx task (check timeouts)
 [02:44:56]  RDP 0x555555f93cb0: Wake Tx task (check timeouts)
 [02:44:56]  RDP 0x555555f93cb0: Wake Tx task (check timeouts)
 [02:44:56]  RDP 0x555555f93cb0: Wake Tx task (check timeouts)
 [02:44:56]  RDP 0x555555f93cb0: Wake Tx task (check timeouts)
 [02:44:56]  RDP 0x555555f93cb0: Wake Tx task (check timeouts)
 [02:44:56]  RDP 0x555555f93cb0: Wake Tx task (check timeouts)
 [02:44:56]  RDP 0x555555f93cb0: Wake Tx task (check timeouts)
 [02:44:56]  RDP 0x555555f93cb0: Wake Tx task (check timeouts)
 [02:44:56]  RDP 0x555555f93cb0: Wake Tx task (check timeouts)
 [02:44:57]  RDP 0x555555f93cb0: Wake Tx task (check timeouts)
 [02:44:57]  RDP 0x555555f93cb0: Wake Tx task (check timeouts)
 [02:44:57]  RDP 0x555555f93cb0: Wake Tx task (check timeouts)
 [02:44:57]  RDP 0x555555f93cb0: Wake Tx task (check timeouts)
 [02:44:57]  RDP 0x555555f93cb0: Wake Tx task (check timeouts)
 [02:44:57]  RDP: CMP: conn pointer 0x555555f93cb0, packet pointer (nil), flag 2, seq_nr 18978, ack_nr 55807
 [02:44:57]  OUT: S 8, D 3, Dp 16, Sp 61, Pr 1, Fl 0x03, Sz 5 VIA: KISS
 [02:44:57]  RDP 0x555555f93cb0: Wake Tx task (check timeouts)
 [02:44:57]  RDP 0x555555f93cb0: Wake Tx task (check timeouts)
 [02:44:57]  RDP 0x555555f93cb0: Wake Tx task (check timeouts)
 [02:44:57]  RDP 0x555555f93cb0: Wake Tx task (check timeouts)
 [02:44:57]  RDP 0x555555f93cb0: Wake Tx task (check timeouts)
 [02:44:57]  RDP 0x555555f93cb0: Wake Tx task (check timeouts)
 [02:44:57]  FTP: Start FTP Download.
 [02:44:57]  FTP: Start FTP Downlink. Total Chunk Size : 3 (info)
 [02:44:57]  packet length : 92
 [02:44:57]  RDP 0x555555f93cb0: Wake Tx task (check timeouts)
 [02:44:57]  RDP 0x555555f93cb0: Wake Tx task (check timeouts)
 [02:44:57]  packet length : 97

 [02:44:57]  RDP: Sending  in S 3: syn 0, ack 1, eack 0, rst 0, seq_nr 18978, ack_nr 55807, packet_len 97 (92)
 [02:44:57]  RDP 0x555555f93cb0: Wake Tx task (check timeouts)
 [02:44:57]  OUT: S 8, D 3, Dp 16, Sp 61, Pr 2, Fl 0x03, Sz 97 VIA: KISS
 [02:44:57]  RDP 0x555555f93cb0: Wake Tx task (check timeouts)
 [02:44:57]  RDP 0x555555f93cb0: Wake Tx task (check timeouts)
 [02:44:57]  RDP 0x555555f93cb0: Wake Tx task (check timeouts)
 [02:44:57]  RDP 0x555555f93cb0: Wake Tx task (check timeouts)
 [02:44:57]  RDP 0x555555f93cb0: Wake Tx task (check timeouts)
 [02:44:57]  RDP 0x555555f93cb0: Wake Tx task (check timeouts)
 [02:44:57]  RDP 0x555555f93cb0: Wake Tx task (check timeouts)
 [02:44:57]  RDP 0x555555f93cb0: Wake Tx task (check timeouts)
 [02:44:57]  RDP 0x555555f93cb0: Wake Tx task (check timeouts)
 [02:44:58]  RDP 0x555555f93cb0: Wake Tx task (check timeouts)
 [02:44:58]  RDP 0x555555f93cb0: Wake Tx task (check timeouts)
 [02:44:58]  RDP 0x555555f93cb0: Wake Tx task (check timeouts)
 [02:44:58]  RDP 0x555555f93cb0: Wake Tx task (check timeouts)
 [02:44:58]  RDP 0x555555f93cb0: Wake Tx task (check timeouts)
 [02:44:58]  RDP 0x555555f93cb0: Wake Tx task (check timeouts)
 [02:44:58]  RDP 0x555555f93cb0: Wake Tx task (check timeouts)
 [02:44:58]  RDP 0x555555f93cb0: Wake Tx task (check timeouts)
 [02:44:58]  RDP 0x555555f93cb0: Wake Tx task (check timeouts)
 [02:44:58]  RDP 0x555555f93cb0: Wake Tx task (check timeouts)
 [02:44:58]  RDP 0x555555f93cb0: Wake Tx task (check timeouts)
 [02:44:58]  RDP 0x555555f93cb0: Wake Tx task (check timeouts)
 [02:44:58]  RDP 0x555555f93cb0: Wake Tx task (check timeouts)
 [02:44:58]  RDP 0x555555f93cb0: Wake Tx task (check timeouts)
 [02:44:58]  RDP 0x555555f93cb0: Wake Tx task (check timeouts)
 [02:44:58]  RDP 0x555555f93cb0: Wake Tx task (check timeouts)
 [02:44:58]  RDP 0x555555f93cb0: Wake Tx task (check timeouts)
 [02:44:58]  RDP 0x555555f93cb0: Wake Tx task (check timeouts)
 [02:44:58]  RDP 0x555555f93cb0: Wake Tx task (check timeouts)
 [02:44:58]  RDP 0x555555f93cb0: Wake Tx task (check timeouts)
 [02:44:58]  RDP 0x555555f93cb0: Wake Tx task (check timeouts)
 [02:44:58]  RDP 0x555555f93cb0: Wake Tx task (check timeouts)
 [02:44:58]  RDP 0x555555f93cb0: Wake Tx task (check timeouts)
 [02:44:58]  RDP 0x555555f93cb0: Wake Tx task (check timeouts)
 [02:44:58]  RDP 0x555555f93cb0: Wake Tx task (check timeouts)
 [02:44:58]  RDP 0x555555f93cb0: Wake Tx task (check timeouts)
 [02:44:58]  RDP 0x555555f93cb0: Wake Tx task (check timeouts)
 [02:44:58]  RDP 0x555555f93cb0: Wake Tx task (check timeouts)
 [02:44:58]  RDP 0x555555f93cb0: Wake Tx task (check timeouts)
 [02:44:58]  INP: S 3, D 8, Dp 61, Sp 16, Pr 1, Fl 0x03, Sz 194 VIA: KISS
 [02:44:58]  RDP 0x555555f93cb0: Received in S 3: syn 0, ack 1, eack 0, rst 0, seq_nr 55808, ack_nr 18978, packet_len 190 (185)
 [02:44:58]  FTP: Download : 0/3 (info)
 [02:44:58]  TX Element Free, time 1396923174, seq 18978, una 18979
 [02:44:58]  RDP 0x555555f93cb0: Wake Tx task (check timeouts)
 [02:44:58]  RDP 0x555555f93cb0: Wake Tx task (check timeouts)
 [02:44:58]  RDP 0x555555f93cb0: Wake Tx task (check timeouts)
 [02:44:58]  RDP 0x555555f93cb0: Wake Tx task (check timeouts)
 [02:44:58]  RDP 0x555555f93cb0: Wake Tx task (check timeouts)
 [02:44:58]  RDP 0x555555f93cb0: Wake Tx task (check timeouts)
 [02:44:58]  RDP 0x555555f93cb0: Wake Tx task (check timeouts)
 [02:44:58]  RDP 0x555555f93cb0: Wake Tx task (check timeouts)
 [02:44:58]  RDP 0x555555f93cb0: Wake Tx task (check timeouts)
 [02:44:59]  RDP 0x555555f93cb0: Wake Tx task (check timeouts)
 [02:44:59]  RDP 0x555555f93cb0: Wake Tx task (check timeouts)
 [02:44:59]  RDP 0x555555f93cb0: Wake Tx task (check timeouts)
 [02:44:59]  RDP 0x555555f93cb0: Wake Tx task (check timeouts)
 [02:44:59]  RDP 0x555555f93cb0: Wake Tx task (check timeouts)
 [02:44:59]  INP: S 3, D 8, Dp 61, Sp 16, Pr 1, Fl 0x03, Sz 194 VIA: KISS
 [02:44:59]  RDP 0x555555f93cb0: Received in S 3: syn 0, ack 1, eack 0, rst 0, seq_nr 55809, ack_nr 18978, packet_len 190 (185)
 [02:44:59]  FTP: Download : 1/3 (info)
 [02:44:59]  RDP 0x555555f93cb0: Wake Tx task (check timeouts)
 [02:44:59]  RDP 0x555555f93cb0: Wake Tx task (check timeouts)
 [02:44:59]  RDP 0x555555f93cb0: Wake Tx task (check timeouts)
 [02:44:59]  RDP 0x555555f93cb0: Wake Tx task (check timeouts)
 [02:44:59]  RDP 0x555555f93cb0: Wake Tx task (check timeouts)
 [02:44:59]  RDP 0x555555f93cb0: Wake Tx task (check timeouts)
 [02:44:59]  RDP 0x555555f93cb0: Wake Tx task (check timeouts)
 [02:44:59]  RDP 0x555555f93cb0: Wake Tx task (check timeouts)
 [02:44:59]  RDP 0x555555f93cb0: Wake Tx task (check timeouts)
 [02:44:59]  INP: S 3, D 8, Dp 61, Sp 16, Pr 1, Fl 0x03, Sz 157 VIA: KISS
 [02:44:59]  RDP 0x555555f93cb0: Received in S 3: syn 0, ack 1, eack 0, rst 0, seq_nr 55810, ack_nr 18978, packet_len 153 (148)
 [02:44:59]  FTP: Download : 2/3 (info)
 [02:44:59]  FTP: Finish FTP Download. FTP Status : 0
 [02:44:59]  RDP: CMP: conn pointer 0x555555f93cb0, packet pointer (nil), flag 2, seq_nr 18979, ack_nr 55810
 [02:44:59]  OUT: S 8, D 3, Dp 16, Sp 61, Pr 1, Fl 0x03, Sz 5 VIA: KISS
 [02:44:59]  RDP 0x555555f93cb0: Wake Tx task (check timeouts)
 [02:44:59]  RDP 0x555555f93cb0: Wake Tx task (check timeouts)
 [02:44:59]  INP: S 3, D 8, Dp 61, Sp 16, Pr 1, Fl 0x03, Sz 9 VIA: KISS
 [02:44:59]  RDP 0x555555f93cb0: Received in S 3: syn 0, ack 1, eack 0, rst 0, seq_nr 55811, ack_nr 18978, packet_len 5 (0)
 [02:44:59]  RDP 0x555555f93cb0: Wake Tx task (check timeouts)
 [02:44:59]  RDP 0x555555f93cb0: Wake Tx task (check timeouts)
 [02:44:59]  RDP 0x555555f93cb0: Wake Tx task (check timeouts)
 [02:44:59]  RDP 0x555555f93cb0: Wake Tx task (check timeouts)
 [02:44:59]  RDP 0x555555f93cb0: Wake Tx task (check timeouts)
 [02:45:00]  RDP 0x555555f93cb0: Wake Tx task (check timeouts)
 [02:45:00]  RDP 0x555555f93cb0: Wake Tx task (check timeouts)
 [02:45:00]  RDP 0x555555f93cb0: Wake Tx task (check timeouts)
 [02:45:00]  RDP 0x555555f93cb0: Wake Tx task (check timeouts)
 [02:45:00]  RDP 0x555555f93cb0: Wake Tx task (check timeouts)
 [02:45:00]  RDP 0x555555f93cb0: Wake Tx task (check timeouts)
 [02:45:00]  RDP 0x555555f93cb0: Wake Tx task (check timeouts)
 [02:45:00]  RDP 0x555555f93cb0: Wake Tx task (check timeouts)
 [02:45:00]  RDP 0x555555f93cb0: Wake Tx task (check timeouts)
 [02:45:00]  RDP 0x555555f93cb0: Wake Tx task (check timeouts)
 [02:45:00]  RDP 0x555555f93cb0: Wake Tx task (check timeouts)
 [02:45:00]  RDP 0x555555f93cb0: Wake Tx task (check timeouts)
 [02:45:00]  RDP 0x555555f93cb0: Wake Tx task (check timeouts)
 [02:45:00]  RDP 0x555555f93cb0: Wake Tx task (check timeouts)
 [02:45:00]  RDP 0x555555f93cb0: Wake Tx task (check timeouts)
 [02:45:00]  RDP 0x555555f93cb0: Wake Tx task (check timeouts)
 [02:45:00]  RDP 0x555555f93cb0: Wake Tx task (check timeouts)
 [02:45:00]  packet length : 1
 [02:45:00]  RDP 0x555555f93cb0: Wake Tx task (check timeouts)
 [02:45:00]  RDP 0x555555f93cb0: Wake Tx task (check timeouts)
 [02:45:00]  packet length : 6

 [02:45:00]  RDP: Sending  in S 3: syn 0, ack 1, eack 0, rst 0, seq_nr 18979, ack_nr 55810, packet_len 6 (1)
 [02:45:00]  RDP 0x555555f93cb0: Wake Tx task (check timeouts)
 [02:45:00]  RDP 0x555555f93cb0: Wake Tx task (check timeouts)
 [02:45:00]  OUT: S 8, D 3, Dp 16, Sp 61, Pr 2, Fl 0x03, Sz 6 VIA: KISS
 [02:45:00]  RDP 0x555555f93cb0: Wake Tx task (check timeouts)
 [02:45:00]  RDP 0x555555f93cb0: Wake Tx task (check timeouts)
 [02:45:00]  RDP 0x555555f93cb0: Wake Tx task (check timeouts)
 [02:45:00]  RDP 0x555555f93cb0: Wake Tx task (check timeouts)
 [02:45:00]  RDP 0x555555f93cb0: Wake Tx task (check timeouts)
 [02:45:00]  RDP 0x555555f93cb0: Wake Tx task (check timeouts)
 [02:45:00]  RDP 0x555555f93cb0: Wake Tx task (check timeouts)
 [02:45:00]  RDP 0x555555f93cb0: Wake Tx task (check timeouts)
 [02:45:00]  RDP 0x555555f93cb0: Wake Tx task (check timeouts)
 [02:45:00]  RDP 0x555555f93cb0: Wake Tx task (check timeouts)
 [02:45:00]  RDP 0x555555f93cb0: Wake Tx task (check timeouts)
 [02:45:00]  RDP 0x555555f93cb0: Wake Tx task (check timeouts)
 [02:45:00]  RDP 0x555555f93cb0: Wake Tx task (check timeouts)
 [02:45:00]  RDP 0x555555f93cb0: Wake Tx task (check timeouts)
 [02:45:00]  RDP 0x555555f93cb0: Wake Tx task (check timeouts)
 [02:45:01]  RDP 0x555555f93cb0: Wake Tx task (check timeouts)
 [02:45:01]  RDP 0x555555f93cb0: Wake Tx task (check timeouts)
 [02:45:01]  RDP 0x555555f93cb0: Wake Tx task (check timeouts)
 [02:45:01]  RDP 0x555555f93cb0: Wake Tx task (check timeouts)
 [02:45:01]  RDP 0x555555f93cb0: Wake Tx task (check timeouts)
 [02:45:01]  RDP 0x555555f93cb0: Wake Tx task (check timeouts)
 [02:45:01]  RDP 0x555555f93cb0: Wake Tx task (check timeouts)
 [02:45:01]  RDP 0x555555f93cb0: Wake Tx task (check timeouts)
 [02:45:01]  RDP 0x555555f93cb0: Wake Tx task (check timeouts)
 [02:45:01]  RDP 0x555555f93cb0: Wake Tx task (check timeouts)
 [02:45:01]  RDP 0x555555f93cb0: Wake Tx task (check timeouts)
 [02:45:01]  RDP 0x555555f93cb0: Wake Tx task (check timeouts)
 [02:45:01]  RDP 0x555555f93cb0: Wake Tx task (check timeouts)
 [02:45:01]  RDP 0x555555f93cb0: Wake Tx task (check timeouts)
 [02:45:01]  RDP 0x555555f93cb0: Wake Tx task (check timeouts)
 [02:45:01]  RDP 0x555555f93cb0: Wake Tx task (check timeouts)
 [02:45:01]  RDP 0x555555f93cb0: Wake Tx task (check timeouts)
 [02:45:01]  RDP 0x555555f93cb0: Wake Tx task (check timeouts)
 [02:45:01]  RDP 0x555555f93cb0: Wake Tx task (check timeouts)
 [02:45:01]  RDP 0x555555f93cb0: Wake Tx task (check timeouts)
 [02:45:01]  RDP 0x555555f93cb0: Wake Tx task (check timeouts)
 [02:45:01]  RDP 0x555555f93cb0: Wake Tx task (check timeouts)
 [02:45:01]  RDP 0x555555f93cb0: Wake Tx task (check timeouts)
 [02:45:01]  RDP 0x555555f93cb0: Wake Tx task (check timeouts)
 [02:45:01]  RDP 0x555555f93cb0: Wake Tx task (check timeouts)
 [02:45:01]  RDP 0x555555f93cb0: Wake Tx task (check timeouts)
 [02:45:01]  RDP 0x555555f93cb0: Wake Tx task (check timeouts)
 [02:45:01]  RDP: CMP: conn pointer 0x555555f93cb0, packet pointer (nil), flag 2, seq_nr 18980, ack_nr 55810
 [02:45:01]  OUT: S 8, D 3, Dp 16, Sp 61, Pr 1, Fl 0x03, Sz 5 VIA: KISS
 [02:45:02]  RDP 0x555555f93cb0: Wake Tx task (check timeouts)
 [02:45:02]  RDP 0x555555f93cb0: Wake Tx task (check timeouts)
 [02:45:02]  RDP 0x555555f93cb0: Wake Tx task (check timeouts)
 [02:45:02]  RDP 0x555555f93cb0: Wake Tx task (check timeouts)
 [02:45:02]  RDP 0x555555f93cb0: Wake Tx task (check timeouts)
 [02:45:02]  RDP 0x555555f93cb0: Wake Tx task (check timeouts)
 [02:45:02]  RDP 0x555555f93cb0: Wake Tx task (check timeouts)
 [02:45:02]  RDP 0x555555f93cb0: Wake Tx task (check timeouts)
 [02:45:02]  RDP 0x555555f93cb0: Wake Tx task (check timeouts)
 [02:45:02]  RDP 0x555555f93cb0: Wake Tx task (check timeouts)
 [02:45:02]  RDP 0x555555f93cb0: Wake Tx task (check timeouts)
 [02:45:02]  RDP 0x555555f93cb0: Wake Tx task (check timeouts)
 [02:45:02]  RDP 0x555555f93cb0: Wake Tx task (check timeouts)
 [02:45:02]  RDP 0x555555f93cb0: Wake Tx task (check timeouts)
 [02:45:02]  RDP 0x555555f93cb0: Wake Tx task (check timeouts)
 [02:45:02]  RDP 0x555555f93cb0: Wake Tx task (check timeouts)
 [02:45:02]  RDP 0x555555f93cb0: Wake Tx task (check timeouts)
 [02:45:02]  RDP 0x555555f93cb0: Wake Tx task (check timeouts)
 [02:45:02]  RDP 0x555555f93cb0: Wake Tx task (check timeouts)
 [02:45:02]  RDP 0x555555f93cb0: Wake Tx task (check timeouts)
 [02:45:02]  RDP 0x555555f93cb0: Wake Tx task (check timeouts)
 [02:45:02]  RDP 0x555555f93cb0: Wake Tx task (check timeouts)
 [02:45:02]  RDP 0x555555f93cb0: Wake Tx task (check timeouts)
 [02:45:02]  INP: S 3, D 8, Dp 61, Sp 16, Pr 1, Fl 0x03, Sz 9 VIA: KISS
 [02:45:02]  RDP 0x555555f93cb0: Received in S 3: syn 0, ack 1, eack 0, rst 0, seq_nr 55811, ack_nr 18978, packet_len 5 (0)
 [02:45:02]  RDP 0x555555f93cb0: Wake Tx task (check timeouts)
 [02:45:02]  RDP 0x555555f93cb0: Wake Tx task (check timeouts)
 [02:45:02]  RDP 0x555555f93cb0: Wake Tx task (check timeouts)
 [02:45:02]  RDP 0x555555f93cb0: Wake Tx task (check timeouts)
 [02:45:02]  RDP 0x555555f93cb0: Wake Tx task (check timeouts)
 [02:45:02]  RDP 0x555555f93cb0: Wake Tx task (check timeouts)
 [02:45:02]  RDP 0x555555f93cb0: Wake Tx task (check timeouts)
 [02:45:02]  RDP 0x555555f93cb0: Wake Tx task (check timeouts)
 [02:45:02]  RDP 0x555555f93cb0: Wake Tx task (check timeouts)
 [02:45:02]  RDP 0x555555f93cb0: Wake Tx task (check timeouts)
 [02:45:03]  RDP 0x555555f93cb0: Wake Tx task (check timeouts)
 [02:45:03]  RDP 0x555555f93cb0: Wake Tx task (check timeouts)
 [02:45:03]  RDP 0x555555f93cb0: Wake Tx task (check timeouts)
 [02:45:03]  RDP 0x555555f93cb0: Wake Tx task (check timeouts)
 [02:45:03]  RDP 0x555555f93cb0: Wake Tx task (check timeouts)
 [02:45:03]  RDP 0x555555f93cb0: Wake Tx task (check timeouts)
 [02:45:03]  RDP 0x555555f93cb0: Wake Tx task (check timeouts)
 [02:45:03]  RDP 0x555555f93cb0: Wake Tx task (check timeouts)
 [02:45:03]  RDP 0x555555f93cb0: Wake Tx task (check timeouts)
 [02:45:03]  RDP 0x555555f93cb0: Wake Tx task (check timeouts)
 [02:45:03]  RDP 0x555555f93cb0: Wake Tx task (check timeouts)
 [02:45:03]  RDP 0x555555f93cb0: Wake Tx task (check timeouts)
 [02:45:03]  RDP 0x555555f93cb0: Wake Tx task (check timeouts)
 [02:45:03]  RDP 0x555555f93cb0: Wake Tx task (check timeouts)
 [02:45:03]  RDP 0x555555f93cb0: Wake Tx task (check timeouts)
 [02:45:03]  RDP 0x555555f93cb0: Wake Tx task (check timeouts)
 [02:45:03]  RDP 0x555555f93cb0: Wake Tx task (check timeouts)
 [02:45:03]  RDP 0x555555f93cb0: Wake Tx task (check timeouts)
 [02:45:03]  RDP 0x555555f93cb0: Wake Tx task (check timeouts)
 [02:45:03]  RDP 0x555555f93cb0: Wake Tx task (check timeouts)
 [02:45:03]  RDP 0x555555f93cb0: Wake Tx task (check timeouts)
 [02:45:03]  RDP 0x555555f93cb0: Wake Tx task (check timeouts)
 [02:45:03]  RDP 0x555555f93cb0: Wake Tx task (check timeouts)
 [02:45:03]  RDP 0x555555f93cb0: Wake Tx task (check timeouts)
 [02:45:03]  RDP 0x555555f93cb0: Wake Tx task (check timeouts)
 [02:45:03]  RDP 0x555555f93cb0: Wake Tx task (check timeouts)
 [02:45:03]  RDP 0x555555f93cb0: Wake Tx task (check timeouts)
 [02:45:03]  RDP 0x555555f93cb0: Wake Tx task (check timeouts)
 [02:45:03]  RDP 0x555555f93cb0: Wake Tx task (check timeouts)
 [02:45:03]  RDP 0x555555f93cb0: Wake Tx task (check timeouts)
 [02:45:03]  RDP 0x555555f93cb0: Wake Tx task (check timeouts)
 [02:45:03]  RDP 0x555555f93cb0: Wake Tx task (check timeouts)
 [02:45:03]  RDP 0x555555f93cb0: Wake Tx task (check timeouts)
 [02:45:03]  RDP 0x555555f93cb0: Wake Tx task (check timeouts)
 [02:45:03]  RDP 0x555555f93cb0: Wake Tx task (check timeouts)
 [02:45:03]  RDP 0x555555f93cb0: Wake Tx task (check timeouts)
 [02:45:03]  RDP 0x555555f93cb0: Wake Tx task (check timeouts)
 [02:45:04]  RDP 0x555555f93cb0: Wake Tx task (check timeouts)
 [02:45:04]  RDP 0x555555f93cb0: Wake Tx task (check timeouts)
 [02:45:04]  RDP 0x555555f93cb0: Wake Tx task (check timeouts)
 [02:45:04]  RDP 0x555555f93cb0: Wake Tx task (check timeouts)
 [02:45:04]  RDP 0x555555f93cb0: Wake Tx task (check timeouts)
 [02:45:04]  RDP 0x555555f93cb0: Wake Tx task (check timeouts)
 [02:45:04]  RDP: CMP: conn pointer 0x555555f93cb0, packet pointer (nil), flag 2, seq_nr 18980, ack_nr 55810
 [02:45:04]  OUT: S 8, D 3, Dp 16, Sp 61, Pr 1, Fl 0x03, Sz 5 VIA: KISS
 [02:45:04]  RDP 0x555555f93cb0: Wake Tx task (check timeouts)
 [02:45:04]  RDP 0x555555f93cb0: Wake Tx task (check timeouts)
 [02:45:04]  RDP 0x555555f93cb0: Wake Tx task (check timeouts)
 [02:45:04]  RDP 0x555555f93cb0: Wake Tx task (check timeouts)
 [02:45:04]  RDP 0x555555f93cb0: Wake Tx task (check timeouts)
 [02:45:04]  RDP 0x555555f93cb0: Wake Tx task (check timeouts)
 [02:45:04]  RDP 0x555555f93cb0: Wake Tx task (check timeouts)
 [02:45:04]  RDP 0x555555f93cb0: Wake Tx task (check timeouts)
 [02:45:04]  RDP 0x555555f93cb0: Wake Tx task (check timeouts)
 [02:45:04]  RDP 0x555555f93cb0: Wake Tx task (check timeouts)
 [02:45:04]  RDP 0x555555f93cb0: Wake Tx task (check timeouts)
 [02:45:04]  RDP 0x555555f93cb0: Wake Tx task (check timeouts)
 [02:45:04]  RDP 0x555555f93cb0: Wake Tx task (check timeouts)
 [02:45:04]  INP: S 3, D 8, Dp 61, Sp 16, Pr 1, Fl 0x03, Sz 9 VIA: KISS
 [02:45:04]  RDP 0x555555f93cb0: Received in S 3: syn 0, ack 1, eack 0, rst 0, seq_nr 55811, ack_nr 18978, packet_len 5 (0)
 [02:45:04]  RDP 0x555555f93cb0: Wake Tx task (check timeouts)
 [02:45:04]  RDP 0x555555f93cb0: Wake Tx task (check timeouts)
 [02:45:04]  RDP 0x555555f93cb0: Wake Tx task (check timeouts)
 [02:45:04]  RDP 0x555555f93cb0: Wake Tx task (check timeouts)
 [02:45:04]  RDP 0x555555f93cb0: Wake Tx task (check timeouts)
 [02:45:04]  RDP 0x555555f93cb0: Wake Tx task (check timeouts)
 [02:45:05]  RDP 0x555555f93cb0: Wake Tx task (check timeouts)
 [02:45:05]  RDP 0x555555f93cb0: Wake Tx task (check timeouts)
 [02:45:05]  RDP 0x555555f93cb0: Wake Tx task (check timeouts)
 [02:45:05]  RDP 0x555555f93cb0: Wake Tx task (check timeouts)
 [02:45:05]  RDP 0x555555f93cb0: Wake Tx task (check timeouts)
 [02:45:05]  RDP 0x555555f93cb0: Wake Tx task (check timeouts)
 [02:45:05]  RDP 0x555555f93cb0: Wake Tx task (check timeouts)
 [02:45:05]  RDP 0x555555f93cb0: Wake Tx task (check timeouts)
 [02:45:05]  RDP 0x555555f93cb0: Wake Tx task (check timeouts)
 [02:45:05]  RDP 0x555555f93cb0: Wake Tx task (check timeouts)
 [02:45:05]  RDP 0x555555f93cb0: Wake Tx task (check timeouts)
 [02:45:05]  RDP 0x555555f93cb0: Wake Tx task (check timeouts)
 [02:45:05]  RDP 0x555555f93cb0: Wake Tx task (check timeouts)
 [02:45:05]  RDP 0x555555f93cb0: Wake Tx task (check timeouts)
 [02:45:05]  RDP 0x555555f93cb0: Wake Tx task (check timeouts)
 [02:45:05]  RDP 0x555555f93cb0: Wake Tx task (check timeouts)
 [02:45:05]  RDP 0x555555f93cb0: Wake Tx task (check timeouts)
 [02:45:05]  RDP 0x555555f93cb0: Wake Tx task (check timeouts)
 [02:45:05]  RDP 0x555555f93cb0: Wake Tx task (check timeouts)
 [02:45:05]  RDP 0x555555f93cb0: Wake Tx task (check timeouts)
 [02:45:05]  RDP 0x555555f93cb0: Wake Tx task (check timeouts)
 [02:45:05]  RDP 0x555555f93cb0: Wake Tx task (check timeouts)
 [02:45:05]  RDP 0x555555f93cb0: Wake Tx task (check timeouts)
 [02:45:05]  RDP 0x555555f93cb0: Wake Tx task (check timeouts)
 [02:45:05]  RDP 0x555555f93cb0: Wake Tx task (check timeouts)
 [02:45:05]  RDP 0x555555f93cb0: Wake Tx task (check timeouts)
 [02:45:05]  RDP 0x555555f93cb0: Wake Tx task (check timeouts)
 [02:45:05]  RDP 0x555555f93cb0: Wake Tx task (check timeouts)
 [02:45:05]  RDP 0x555555f93cb0: Wake Tx task (check timeouts)
 [02:45:05]  RDP 0x555555f93cb0: Wake Tx task (check timeouts)
 [02:45:05]  RDP 0x555555f93cb0: Wake Tx task (check timeouts)
 [02:45:05]  RDP 0x555555f93cb0: Wake Tx task (check timeouts)
 [02:45:05]  RDP 0x555555f93cb0: Wake Tx task (check timeouts)
 [02:45:05]  RDP 0x555555f93cb0: Wake Tx task (check timeouts)
 [02:45:05]  RDP 0x555555f93cb0: Wake Tx task (check timeouts)
 [02:45:05]  RDP 0x555555f93cb0: Wake Tx task (check timeouts)
 [02:45:05]  RDP 0x555555f93cb0: Wake Tx task (check timeouts)
 [02:45:05]  RDP 0x555555f93cb0: Wake Tx task (check timeouts)
 [02:45:06]  RDP 0x555555f93cb0: Wake Tx task (check timeouts)
 [02:45:06]  RDP 0x555555f93cb0: Wake Tx task (check timeouts)
 [02:45:06]  RDP 0x555555f93cb0: Wake Tx task (check timeouts)
 [02:45:06]  RDP 0x555555f93cb0: Wake Tx task (check timeouts)
 [02:45:06]  RDP 0x555555f93cb0: Wake Tx task (check timeouts)
 [02:45:06]  RDP 0x555555f93cb0: Wake Tx task (check timeouts)
 [02:45:06]  RDP 0x555555f93cb0: Wake Tx task (check timeouts)
 [02:45:06]  RDP 0x555555f93cb0: Wake Tx task (check timeouts)
 [02:45:06]  RDP 0x555555f93cb0: Wake Tx task (check timeouts)
 [02:45:06]  RDP 0x555555f93cb0: Wake Tx task (check timeouts)
 [02:45:06]  RDP 0x555555f93cb0: Wake Tx task (check timeouts)
 [02:45:06]  RDP 0x555555f93cb0: Wake Tx task (check timeouts)
 [02:45:06]  RDP 0x555555f93cb0: Wake Tx task (check timeouts)
 [02:45:06]  RDP 0x555555f93cb0: Wake Tx task (check timeouts)
 [02:45:06]  RDP 0x555555f93cb0: Wake Tx task (check timeouts)
 [02:45:06]  RDP 0x555555f93cb0: Wake Tx task (check timeouts)
 [02:45:06]  RDP 0x555555f93cb0: Wake Tx task (check timeouts)
 [02:45:06]  RDP 0x555555f93cb0: Wake Tx task (check timeouts)
 [02:45:06]  RDP: CMP: conn pointer 0x555555f93cb0, packet pointer (nil), flag 2, seq_nr 18980, ack_nr 55810
 [02:45:06]  OUT: S 8, D 3, Dp 16, Sp 61, Pr 1, Fl 0x03, Sz 5 VIA: KISS
 [02:45:06]  RDP 0x555555f93cb0: Wake Tx task (check timeouts)
 [02:45:06]  RDP 0x555555f93cb0: Wake Tx task (check timeouts)
 [02:45:06]  RDP 0x555555f93cb0: Wake Tx task (check timeouts)
 [02:45:06]  RDP 0x555555f93cb0: Wake Tx task (check timeouts)
 [02:45:06]  RDP 0x555555f93cb0: Wake Tx task (check timeouts)
 [02:45:07]  RDP 0x555555f93cb0: Wake Tx task (check timeouts)
 [02:45:07]  RDP 0x555555f93cb0: Wake Tx task (check timeouts)
 [02:45:07]  RDP 0x555555f93cb0: Wake Tx task (check timeouts)
 [02:45:07]  RDP 0x555555f93cb0: Wake Tx task (check timeouts)
 [02:45:07]  RDP 0x555555f93cb0: Wake Tx task (check timeouts)
 [02:45:07]  RDP 0x555555f93cb0: Wake Tx task (check timeouts)
 [02:45:07]  RDP 0x555555f93cb0: Wake Tx task (check timeouts)
 [02:45:07]  RDP 0x555555f93cb0: Wake Tx task (check timeouts)
 [02:45:07]  RDP 0x555555f93cb0: Wake Tx task (check timeouts)
 [02:45:07]  RDP 0x555555f93cb0: Wake Tx task (check timeouts)
 [02:45:07]  RDP 0x555555f93cb0: Wake Tx task (check timeouts)
 [02:45:07]  RDP 0x555555f93cb0: Wake Tx task (check timeouts)
 [02:45:07]  RDP 0x555555f93cb0: Wake Tx task (check timeouts)
 [02:45:07]  RDP 0x555555f93cb0: Wake Tx task (check timeouts)
 [02:45:07]  RDP 0x555555f93cb0: Wake Tx task (check timeouts)
 [02:45:07]  RDP 0x555555f93cb0: Wake Tx task (check timeouts)
 [02:45:07]  RDP 0x555555f93cb0: Wake Tx task (check timeouts)
 [02:45:07]  RDP 0x555555f93cb0: Wake Tx task (check timeouts)
 [02:45:07]  RDP 0x555555f93cb0: Wake Tx task (check timeouts)
 [02:45:07]  RDP 0x555555f93cb0: Wake Tx task (check timeouts)
 [02:45:07]  RDP 0x555555f93cb0: Wake Tx task (check timeouts)
 [02:45:07]  RDP 0x555555f93cb0: Wake Tx task (check timeouts)
 [02:45:07]  RDP 0x555555f93cb0: Wake Tx task (check timeouts)
 [02:45:07]  RDP 0x555555f93cb0: Wake Tx task (check timeouts)
 [02:45:07]  RDP 0x555555f93cb0: Wake Tx task (check timeouts)
 [02:45:07]  RDP 0x555555f93cb0: Wake Tx task (check timeouts)
 [02:45:07]  RDP 0x555555f93cb0: Wake Tx task (check timeouts)
 [02:45:07]  RDP 0x555555f93cb0: Wake Tx task (check timeouts)
 [02:45:07]  RDP 0x555555f93cb0: Wake Tx task (check timeouts)
 [02:45:07]  RDP 0x555555f93cb0: Wake Tx task (check timeouts)
 [02:45:07]  RDP 0x555555f93cb0: Wake Tx task (check timeouts)
 [02:45:07]  RDP 0x555555f93cb0: Wake Tx task (check timeouts)
 [02:45:07]  RDP 0x555555f93cb0: Wake Tx task (check timeouts)
 [02:45:07]  RDP 0x555555f93cb0: Wake Tx task (check timeouts)
 [02:45:08]  RDP 0x555555f93cb0: Wake Tx task (check timeouts)
 [02:45:08]  RDP 0x555555f93cb0: Wake Tx task (check timeouts)
 [02:45:08]  TX Element timed out, retransmitting seq 18979
 [02:45:08]  OUT: S 8, D 3, Dp 16, Sp 61, Pr 2, Fl 0x03, Sz 6 VIA: KISS
 [02:45:08]  RDP 0x555555f93cb0: Wake Tx task (check timeouts)
 [02:45:08]  RDP 0x555555f93cb0: Wake Tx task (check timeouts)
 [02:45:08]  RDP 0x555555f93cb0: Wake Tx task (check timeouts)
 [02:45:08]  RDP 0x555555f93cb0: Wake Tx task (check timeouts)
 [02:45:08]  RDP 0x555555f93cb0: Wake Tx task (check timeouts)
 [02:45:08]  RDP 0x555555f93cb0: Wake Tx task (check timeouts)
 [02:45:08]  RDP 0x555555f93cb0: Wake Tx task (check timeouts)
 [02:45:08]  RDP 0x555555f93cb0: Wake Tx task (check timeouts)
 [02:45:08]  INP: S 3, D 8, Dp 61, Sp 16, Pr 1, Fl 0x03, Sz 15 VIA: KISS
 [02:45:08]  RDP 0x555555f93cb0: Received in S 3: syn 0, ack 1, eack 0, rst 0, seq_nr 55811, ack_nr 18979, packet_len 11 (6)
 [02:45:08]  FTP: FTP Transaction Completed. (info)
 [02:45:08]  TX Element Free, time 1396933528, seq 18979, una 18980
 [02:45:08]  RDP 0x555555f93cb0: Wake Tx task (check timeouts)
 [02:45:08]  RDP 0x555555f93cb0: Wake Tx task (check timeouts)
 [02:45:08]  RDP 0x555555f93cb0: Wake Tx task (check timeouts)
 [02:45:08]  INP: S 3, D 8, Dp 61, Sp 16, Pr 1, Fl 0x03, Sz 9 VIA: KISS
 [02:45:08]  RDP 0x555555f93cb0: Received in S 3: syn 0, ack 1, eack 0, rst 1, seq_nr 55812, ack_nr 18979, packet_len 5 (0)
 [02:45:08]  RDP 0x555555f93cb0: Got RESET in state 3
 [02:45:08]  RDP 0x555555f93cb0: RESET in sequence, no more data incoming, reply with RESET
 [02:45:08]  RDP: CMP: conn pointer 0x555555f93cb0, packet pointer (nil), flag 10, seq_nr 18980, ack_nr 55811
 [02:45:08]  OUT: S 8, D 3, Dp 16, Sp 61, Pr 1, Fl 0x03, Sz 5 VIA: KISS
 [02:45:09]  RDP 0x555555f93cb0: Waiting for userspace to close
 [02:45:09]  FTP: CRC Checking : 0
 [02:45:14]  RDP: ERROR cannot send, connection reset
 [02:45:14]  RDP send failed!
 [02:45:15]  RDP 0x555555f93cb0: Close in CLOSE_WAIT, now closing
 [02:45:15]  FTP: FTP Done Completed.
 [02:45:40]  OUT: S 8, D 5, Dp 9, Sp 52, Pr 1, Fl 0x01, Sz 0 VIA: KISS
 [02:45:41]  INP: S 5, D 8, Dp 52, Sp 9, Pr 1, Fl 0x01, Sz 4 VIA: KISS
 [02:45:41]  OUT: S 8, D 5, Dp 9, Sp 52, Pr 1, Fl 0x01, Sz 0 VIA: KISS
 [02:45:42]  INP: S 5, D 8, Dp 52, Sp 9, Pr 1, Fl 0x01, Sz 4 VIA: KISS
 [02:45:42]  OUT: S 8, D 5, Dp 9, Sp 38, Pr 1, Fl 0x01, Sz 0 VIA: KISS
 [02:45:43]  INP: S 5, D 8, Dp 38, Sp 9, Pr 1, Fl 0x01, Sz 4 VIA: KISS
 [02:45:43]  OUT: S 8, D 5, Dp 9, Sp 58, Pr 1, Fl 0x01, Sz 0 VIA: KISS
 [02:45:43]  INP: S 5, D 8, Dp 58, Sp 9, Pr 1, Fl 0x01, Sz 4 VIA: KISS
 [02:45:44]  OUT: S 8, D 5, Dp 9, Sp 46, Pr 1, Fl 0x01, Sz 0 VIA: KISS
 [02:45:44]  INP: S 5, D 8, Dp 46, Sp 9, Pr 1, Fl 0x01, Sz 4 VIA: KISS
 [02:45:45]  OUT: S 8, D 5, Dp 9, Sp 56, Pr 1, Fl 0x01, Sz 0 VIA: KISS
 [02:45:45]  INP: S 5, D 8, Dp 56, Sp 9, Pr 1, Fl 0x01, Sz 4 VIA: KISS
 [02:45:45]  OUT: S 8, D 5, Dp 9, Sp 41, Pr 1, Fl 0x01, Sz 0 VIA: KISS
 [02:45:46]  INP: S 5, D 8, Dp 41, Sp 9, Pr 1, Fl 0x01, Sz 4 VIA: KISS
 [04:16:24]  INP: S 3, D 8, Dp 31, Sp 39, Pr 2, Fl 0x01, Sz 116 VIA: KISS
 [04:17:24]  INP: S 3, D 8, Dp 31, Sp 41, Pr 2, Fl 0x01, Sz 116 VIA: KISS
 [04:17:34]  INP: S 3, D 8, Dp 31, Sp 50, Pr 2, Fl 0x01, Sz 116 VIA: KISS
 [04:17:54]  INP: S 3, D 8, Dp 31, Sp 62, Pr 2, Fl 0x01, Sz 116 VIA: KISS
 [04:19:04]  INP: S 3, D 8, Dp 31, Sp 51, Pr 2, Fl 0x01, Sz 116 VIA: KISS
 [04:19:34]  INP: S 3, D 8, Dp 31, Sp 44, Pr 2, Fl 0x01, Sz 116 VIA: KISS
 [04:19:54]  INP: S 3, D 8, Dp 31, Sp 50, Pr 2, Fl 0x01, Sz 116 VIA: KISS
 [04:20:14]  INP: S 3, D 8, Dp 31, Sp 52, Pr 2, Fl 0x01, Sz 116 VIA: KISS
 [04:20:24]  INP: S 3, D 8, Dp 31, Sp 39, Pr 2, Fl 0x01, Sz 116 VIA: KISS
 [04:20:44]  INP: S 3, D 8, Dp 31, Sp 45, Pr 2, Fl 0x01, Sz 116 VIA: KISS
 [04:21:04]  INP: S 3, D 8, Dp 31, Sp 41, Pr 2, Fl 0x01, Sz 116 VIA: KISS
 [04:21:34]  INP: S 3, D 8, Dp 31, Sp 56, Pr 2, Fl 0x01, Sz 116 VIA: KISS
 [04:21:54]  INP: S 3, D 8, Dp 31, Sp 55, Pr 2, Fl 0x01, Sz 116 VIA: KISS
 [04:22:24]  INP: S 3, D 8, Dp 31, Sp 47, Pr 2, Fl 0x01, Sz 116 VIA: KISS
 [04:22:44]  INP: S 3, D 8, Dp 31, Sp 53, Pr 2, Fl 0x01, Sz 116 VIA: KISS
 [04:23:04]  INP: S 3, D 8, Dp 31, Sp 59, Pr 2, Fl 0x01, Sz 116 VIA: KISS
 [04:23:54]  INP: S 3, D 8, Dp 31, Sp 56, Pr 2, Fl 0x01, Sz 116 VIA: KISS
 [04:24:44]  INP: S 3, D 8, Dp 31, Sp 55, Pr 2, Fl 0x01, Sz 116 VIA: KISS
 [04:25:04]  INP: S 3, D 8, Dp 31, Sp 53, Pr 2, Fl 0x01, Sz 116 VIA: KISS
 [04:26:04]  INP: S 3, D 8, Dp 31, Sp 38, Pr 2, Fl 0x01, Sz 116 VIA: KISS
 [04:26:54]  INP: S 3, D 8, Dp 31, Sp 37, Pr 2, Fl 0x01, Sz 116 VIA: KISS
 [04:27:04]  INP: S 3, D 8, Dp 31, Sp 46, Pr 2, Fl 0x01, Sz 116 VIA: KISS
 [04:27:14]  INP: S 3, D 8, Dp 31, Sp 33, Pr 2, Fl 0x01, Sz 116 VIA: KISS
 [14:39:44]  INP: S 3, D 8, Dp 31, Sp 48, Pr 2, Fl 0x01, Sz 116 VIA: KISS
 [14:39:54]  INP: S 3, D 8, Dp 31, Sp 35, Pr 2, Fl 0x01, Sz 116 VIA: KISS
 [14:40:14]  INP: S 3, D 8, Dp 31, Sp 40, Pr 2, Fl 0x01, Sz 116 VIA: KISS
 [14:40:24]  INP: S 3, D 8, Dp 31, Sp 59, Pr 2, Fl 0x01, Sz 116 VIA: KISS
 [14:40:34]  INP: S 3, D 8, Dp 31, Sp 46, Pr 2, Fl 0x01, Sz 116 VIA: KISS
 [14:40:54]  INP: S 3, D 8, Dp 31, Sp 42, Pr 2, Fl 0x01, Sz 116 VIA: KISS
 [14:41:24]  INP: S 3, D 8, Dp 31, Sp 45, Pr 2, Fl 0x01, Sz 116 VIA: KISS
 [14:41:34]  INP: S 3, D 8, Dp 31, Sp 32, Pr 2, Fl 0x01, Sz 116 VIA: KISS
 [14:41:54]  INP: S 3, D 8, Dp 31, Sp 48, Pr 2, Fl 0x01, Sz 116 VIA: KISS
 [14:42:04]  INP: S 3, D 8, Dp 31, Sp 35, Pr 2, Fl 0x01, Sz 116 VIA: KISS
 [14:42:24]  INP: S 3, D 8, Dp 31, Sp 41, Pr 2, Fl 0x01, Sz 116 VIA: KISS
 [14:42:34]  INP: S 3, D 8, Dp 31, Sp 60, Pr 2, Fl 0x01, Sz 116 VIA: KISS
 [14:42:44]  INP: S 3, D 8, Dp 31, Sp 47, Pr 2, Fl 0x01, Sz 116 VIA: KISS
 [14:42:54]  INP: S 3, D 8, Dp 31, Sp 34, Pr 2, Fl 0x01, Sz 116 VIA: KISS
 [14:43:04]  INP: S 3, D 8, Dp 31, Sp 53, Pr 2, Fl 0x01, Sz 116 VIA: KISS
 [14:43:14]  INP: S 3, D 8, Dp 31, Sp 40, Pr 2, Fl 0x01, Sz 116 VIA: KISS
 [14:43:24]  INP: S 3, D 8, Dp 31, Sp 59, Pr 2, Fl 0x01, Sz 116 VIA: KISS
 [14:43:34]  INP: S 3, D 8, Dp 31, Sp 46, Pr 2, Fl 0x01, Sz 116 VIA: KISS
 [14:43:44]  INP: S 3, D 8, Dp 31, Sp 33, Pr 2, Fl 0x01, Sz 116 VIA: KISS
 [14:44:04]  INP: S 3, D 8, Dp 31, Sp 39, Pr 2, Fl 0x01, Sz 116 VIA: KISS
 [14:44:14]  INP: S 3, D 8, Dp 31, Sp 58, Pr 2, Fl 0x01, Sz 116 VIA: KISS
 [14:44:34]  INP: S 3, D 8, Dp 31, Sp 32, Pr 2, Fl 0x01, Sz 116 VIA: KISS
 [14:44:44]  INP: S 3, D 8, Dp 31, Sp 51, Pr 2, Fl 0x01, Sz 116 VIA: KISS
 [14:44:54]  INP: S 3, D 8, Dp 31, Sp 38, Pr 2, Fl 0x01, Sz 116 VIA: KISS
 [14:45:04]  INP: S 3, D 8, Dp 31, Sp 47, Pr 2, Fl 0x01, Sz 116 VIA: KISS
 [14:45:14]  INP: S 3, D 8, Dp 31, Sp 34, Pr 2, Fl 0x01, Sz 116 VIA: KISS
 [14:45:24]  INP: S 3, D 8, Dp 31, Sp 53, Pr 2, Fl 0x01, Sz 116 VIA: KISS
 [14:45:34]  INP: S 3, D 8, Dp 31, Sp 40, Pr 2, Fl 0x01, Sz 116 VIA: KISS
 [14:45:54]  INP: S 3, D 8, Dp 31, Sp 36, Pr 2, Fl 0x01, Sz 116 VIA: KISS
 [14:46:04]  INP: S 3, D 8, Dp 31, Sp 55, Pr 2, Fl 0x01, Sz 116 VIA: KISS
 [14:46:24]  INP: S 3, D 8, Dp 31, Sp 51, Pr 2, Fl 0x01, Sz 116 VIA: KISS
 [14:46:34]  INP: S 3, D 8, Dp 31, Sp 38, Pr 2, Fl 0x01, Sz 116 VIA: KISS
 [14:46:54]  INP: S 3, D 8, Dp 31, Sp 43, Pr 2, Fl 0x01, Sz 116 VIA: KISS
 [14:47:04]  INP: S 3, D 8, Dp 31, Sp 53, Pr 2, Fl 0x01, Sz 116 VIA: KISS
 [14:47:14]  INP: S 3, D 8, Dp 31, Sp 40, Pr 2, Fl 0x01, Sz 116 VIA: KISS
 [14:47:24]  INP: S 3, D 8, Dp 31, Sp 59, Pr 2, Fl 0x01, Sz 116 VIA: KISS
 [14:48:04]  INP: S 3, D 8, Dp 31, Sp 39, Pr 2, Fl 0x01, Sz 116 VIA: KISS
 [14:48:24]  INP: S 3, D 8, Dp 31, Sp 45, Pr 2, Fl 0x01, Sz 116 VIA: KISS
 [14:48:34]  INP: S 3, D 8, Dp 31, Sp 32, Pr 2, Fl 0x01, Sz 116 VIA: KISS
 [14:49:04]  INP: S 3, D 8, Dp 31, Sp 33, Pr 2, Fl 0x01, Sz 116 VIA: KISS
 [14:49:14]  INP: S 3, D 8, Dp 31, Sp 53, Pr 2, Fl 0x01, Sz 116 VIA: KISS
 [14:49:24]  INP: S 3, D 8, Dp 31, Sp 40, Pr 2, Fl 0x01, Sz 116 VIA: KISS
 [16:15:34]  INP: S 3, D 8, Dp 31, Sp 36, Pr 2, Fl 0x01, Sz 116 VIA: KISS
 [16:15:44]  INP: S 3, D 8, Dp 31, Sp 55, Pr 2, Fl 0x01, Sz 116 VIA: KISS
 [16:15:54]  INP: S 3, D 8, Dp 31, Sp 42, Pr 2, Fl 0x01, Sz 116 VIA: KISS
 [16:16:04]  INP: S 3, D 8, Dp 31, Sp 61, Pr 2, Fl 0x01, Sz 116 VIA: KISS
 [16:16:14]  INP: S 3, D 8, Dp 31, Sp 49, Pr 2, Fl 0x01, Sz 116 VIA: KISS
 [16:16:24]  INP: S 3, D 8, Dp 31, Sp 36, Pr 2, Fl 0x01, Sz 116 VIA: KISS
 [16:16:34]  INP: S 3, D 8, Dp 31, Sp 55, Pr 2, Fl 0x01, Sz 116 VIA: KISS
 [16:16:44]  INP: S 3, D 8, Dp 31, Sp 51, Pr 2, Fl 0x01, Sz 116 VIA: KISS
 [16:16:54]  INP: S 3, D 8, Dp 31, Sp 38, Pr 2, Fl 0x01, Sz 116 VIA: KISS
 [16:17:14]  INP: S 3, D 8, Dp 31, Sp 34, Pr 2, Fl 0x01, Sz 116 VIA: KISS
 [16:17:24]  INP: S 3, D 8, Dp 31, Sp 53, Pr 2, Fl 0x01, Sz 116 VIA: KISS
 [16:17:34]  INP: S 3, D 8, Dp 31, Sp 40, Pr 2, Fl 0x01, Sz 116 VIA: KISS
 [16:17:44]  INP: S 3, D 8, Dp 31, Sp 59, Pr 2, Fl 0x01, Sz 116 VIA: KISS
 [16:17:54]  INP: S 3, D 8, Dp 31, Sp 46, Pr 2, Fl 0x01, Sz 116 VIA: KISS
 [16:18:04]  INP: S 3, D 8, Dp 31, Sp 33, Pr 2, Fl 0x01, Sz 116 VIA: KISS
 [16:18:14]  INP: S 3, D 8, Dp 31, Sp 52, Pr 2, Fl 0x01, Sz 116 VIA: KISS
 [16:18:24]  INP: S 3, D 8, Dp 31, Sp 39, Pr 2, Fl 0x01, Sz 116 VIA: KISS
 [16:18:34]  INP: S 3, D 8, Dp 31, Sp 58, Pr 2, Fl 0x01, Sz 116 VIA: KISS
 [16:18:44]  INP: S 3, D 8, Dp 31, Sp 45, Pr 2, Fl 0x01, Sz 116 VIA: KISS
 [16:18:54]  INP: S 3, D 8, Dp 31, Sp 32, Pr 2, Fl 0x01, Sz 116 VIA: KISS
 [16:19:04]  INP: S 3, D 8, Dp 31, Sp 51, Pr 2, Fl 0x01, Sz 116 VIA: KISS
 [16:19:14]  INP: S 3, D 8, Dp 31, Sp 60, Pr 2, Fl 0x01, Sz 116 VIA: KISS
 [16:19:24]  INP: S 3, D 8, Dp 31, Sp 37, Pr 2, Fl 0x01, Sz 116 VIA: KISS
 [16:19:34]  INP: S 3, D 8, Dp 31, Sp 56, Pr 2, Fl 0x01, Sz 116 VIA: KISS
 [16:19:44]  INP: S 3, D 8, Dp 31, Sp 43, Pr 2, Fl 0x01, Sz 116 VIA: KISS
 [16:19:54]  INP: S 3, D 8, Dp 31, Sp 62, Pr 2, Fl 0x01, Sz 116 VIA: KISS
 [16:20:04]  INP: S 3, D 8, Dp 31, Sp 49, Pr 2, Fl 0x01, Sz 116 VIA: KISS
 [16:20:14]  INP: S 3, D 8, Dp 31, Sp 46, Pr 2, Fl 0x01, Sz 116 VIA: KISS
 [16:20:24]  INP: S 3, D 8, Dp 31, Sp 33, Pr 2, Fl 0x01, Sz 116 VIA: KISS
 [16:20:34]  INP: S 3, D 8, Dp 31, Sp 42, Pr 2, Fl 0x01, Sz 116 VIA: KISS
 [16:20:44]  INP: S 3, D 8, Dp 31, Sp 39, Pr 2, Fl 0x01, Sz 116 VIA: KISS
 [16:21:04]  INP: S 3, D 8, Dp 31, Sp 45, Pr 2, Fl 0x01, Sz 116 VIA: KISS
 [16:21:14]  INP: S 3, D 8, Dp 31, Sp 32, Pr 2, Fl 0x01, Sz 116 VIA: KISS
 [16:21:24]  INP: S 3, D 8, Dp 31, Sp 51, Pr 2, Fl 0x01, Sz 116 VIA: KISS
 [16:21:34]  INP: S 3, D 8, Dp 31, Sp 60, Pr 2, Fl 0x01, Sz 116 VIA: KISS
 [16:21:44]  INP: S 3, D 8, Dp 31, Sp 47, Pr 2, Fl 0x01, Sz 116 VIA: KISS
 [16:21:54]  INP: S 3, D 8, Dp 31, Sp 34, Pr 2, Fl 0x01, Sz 116 VIA: KISS
 [16:22:04]  INP: S 3, D 8, Dp 31, Sp 53, Pr 2, Fl 0x01, Sz 116 VIA: KISS
 [16:22:14]  INP: S 3, D 8, Dp 31, Sp 40, Pr 2, Fl 0x01, Sz 116 VIA: KISS
 [16:22:24]  INP: S 3, D 8, Dp 31, Sp 48, Pr 2, Fl 0x01, Sz 116 VIA: KISS
 [16:22:34]  INP: S 3, D 8, Dp 31, Sp 58, Pr 2, Fl 0x01, Sz 116 VIA: KISS
 [16:22:44]  INP: S 3, D 8, Dp 31, Sp 45, Pr 2, Fl 0x01, Sz 116 VIA: KISS
 [16:22:54]  INP: S 3, D 8, Dp 31, Sp 32, Pr 2, Fl 0x01, Sz 116 VIA: KISS
 [16:23:04]  INP: S 3, D 8, Dp 31, Sp 51, Pr 2, Fl 0x01, Sz 116 VIA: KISS
 [16:23:14]  INP: S 3, D 8, Dp 31, Sp 37, Pr 2, Fl 0x01, Sz 116 VIA: KISS
 [16:23:24]  INP: S 3, D 8, Dp 31, Sp 56, Pr 2, Fl 0x01, Sz 116 VIA: KISS
 [16:23:26]  OUT: S 8, D 3, Dp 27, Sp 51, Pr 1, Fl 0x01, Sz 201 VIA: KISS
 [16:23:27]  RX Delay : 1183640 microsecond.
 [16:23:34]  OUT: S 8, D 3, Dp 27, Sp 63, Pr 1, Fl 0x01, Sz 201 VIA: KISS
 [16:23:34]  RX Delay : 1183640 microsecond.
 [16:23:41]  OUT: S 8, D 3, Dp 13, Sp 34, Pr 1, Fl 0x01, Sz 5 VIA: KISS
 [16:23:42]  INP: S 3, D 8, Dp 34, Sp 13, Pr 1, Fl 0x01, Sz 5 VIA: KISS
 [16:23:43]  OUT: S 8, D 5, Dp 1, Sp 52, Pr 2, Fl 0x01, Sz 4 VIA: KISS
 [16:23:43]  INP: S 5, D 8, Dp 52, Sp 1, Pr 2, Fl 0x01, Sz 8 VIA: KISS
 [16:23:50]  OUT: S 8, D 3, Dp 27, Sp 36, Pr 1, Fl 0x01, Sz 201 VIA: KISS
 [16:23:50]  RX Delay : 1183640 microsecond.
 [16:23:51]  INP: S 3, D 8, Dp 36, Sp 27, Pr 1, Fl 0x01, Sz 10 VIA: KISS
 [16:24:12]  OUT: S 8, D 3, Dp 27, Sp 56, Pr 1, Fl 0x01, Sz 201 VIA: KISS
 [16:24:12]  RX Delay : 1183640 microsecond.
 [16:24:23]  OUT: S 8, D 3, Dp 27, Sp 33, Pr 1, Fl 0x01, Sz 201 VIA: KISS
 [16:24:24]  RX Delay : 1183640 microsecond.
 [16:24:24]  INP: S 3, D 8, Dp 33, Sp 27, Pr 1, Fl 0x01, Sz 10 VIA: KISS
 [16:24:36]  FTP: Start FTP Downlink. (info)
 [16:24:36]  FTP: Start FTP Downlink
 [16:24:36]  FTP: Confirmed File URLs.
 [16:24:36]  FTP: Create Connection.
 [16:24:36]  RDP 0x555555f93be0: Active connect, conn state 0
 [16:24:36]  RDP 0x555555f93be0: AC: Sending SYN
 [16:24:36]  RDP: CMP: conn pointer 0x555555f93be0, packet pointer 0x555589d740f0, flag 1, seq_nr 16332, ack_nr 0
 [16:24:36]  OUT: S 8, D 3, Dp 16, Sp 32, Pr 1, Fl 0x03, Sz 29 VIA: KISS
 [16:24:36]  RDP 0x555555f93be0: AC: Waiting for SYN/ACK reply...
 [16:24:38]  RDP: CMP: conn pointer 0x555555f93be0, packet pointer (nil), flag 2, seq_nr 16333, ack_nr 0
 [16:24:38]  OUT: S 8, D 3, Dp 16, Sp 32, Pr 1, Fl 0x03, Sz 5 VIA: KISS
 [16:24:39]  INP: S 3, D 8, Dp 32, Sp 16, Pr 1, Fl 0x03, Sz 9 VIA: KISS
 [16:24:39]  RDP 0x555555f93be0: Received in S 1: syn 0, ack 0, eack 0, rst 1, seq_nr  7304, ack_nr 42781, packet_len 5 (0)
 [16:24:39]  RDP 0x555555f93be0: Got RESET in state 1
 [16:24:39]  RDP 0x555555f93be0: RESET out of sequence, keep connection open
 [16:24:40]  RDP: CMP: conn pointer 0x555555f93be0, packet pointer (nil), flag 2, seq_nr 16333, ack_nr 0
 [16:24:40]  OUT: S 8, D 3, Dp 16, Sp 32, Pr 1, Fl 0x03, Sz 5 VIA: KISS
 [16:24:43]  RDP: CMP: conn pointer 0x555555f93be0, packet pointer (nil), flag 2, seq_nr 16333, ack_nr 0
 [16:24:43]  OUT: S 8, D 3, Dp 16, Sp 32, Pr 1, Fl 0x03, Sz 5 VIA: KISS
 [16:24:43]  TX Element timed out, retransmitting seq 16332
 [16:24:44]  OUT: S 8, D 3, Dp 16, Sp 32, Pr 2, Fl 0x03, Sz 29 VIA: KISS
 [16:24:45]  RDP: CMP: conn pointer 0x555555f93be0, packet pointer (nil), flag 2, seq_nr 16333, ack_nr 0
 [07:24:45]  OUT: S 8, D 3, Dp 16, Sp 32, Pr 1, Fl 0x03, Sz 5 VIA: KISS
 [16:24:46]  RDP 0x555555f93be0: AC: Connection Failed
 [16:24:46]  RDP 0x555555f93be0: Close in CLOSE_WAIT, now closing
 [16:24:46]  RDP 0x555555f93be0: Flush TX Element, time 1446109443, seq 16332
 [16:24:57]  FTP: Start FTP Downlink. (info)
 [16:24:57]  FTP: Start FTP Downlink
 [16:24:57]  FTP: Confirmed File URLs.
 [16:24:57]  FTP: Create Connection.
 [16:24:57]  RDP 0x555555f93f20: Active connect, conn state 0
 [16:24:57]  RDP 0x555555f93f20: AC: Sending SYN
 [16:24:57]  RDP: CMP: conn pointer 0x555555f93f20, packet pointer 0x555589d7aa90, flag 1, seq_nr 60690, ack_nr 0
 [16:24:57]  OUT: S 8, D 3, Dp 16, Sp 34, Pr 1, Fl 0x03, Sz 29 VIA: KISS
 [16:24:58]  RDP 0x555555f93f20: AC: Waiting for SYN/ACK reply...
 [16:24:59]  RDP: CMP: conn pointer 0x555555f93f20, packet pointer (nil), flag 2, seq_nr 60691, ack_nr 0
 [16:24:59]  OUT: S 8, D 3, Dp 16, Sp 34, Pr 1, Fl 0x03, Sz 5 VIA: KISS
 [16:25:02]  RDP: CMP: conn pointer 0x555555f93f20, packet pointer (nil), flag 2, seq_nr 60691, ack_nr 0
 [16:25:02]  OUT: S 8, D 3, Dp 16, Sp 34, Pr 1, Fl 0x03, Sz 5 VIA: KISS
 [16:25:04]  RDP: CMP: conn pointer 0x555555f93f20, packet pointer (nil), flag 2, seq_nr 60691, ack_nr 0
 [16:25:04]  OUT: S 8, D 3, Dp 16, Sp 34, Pr 1, Fl 0x03, Sz 5 VIA: KISS
 [16:25:05]  TX Element timed out, retransmitting seq 60690
 [16:25:05]  OUT: S 8, D 3, Dp 16, Sp 34, Pr 2, Fl 0x03, Sz 29 VIA: KISS
 [16:25:06]  RDP: CMP: conn pointer 0x555555f93f20, packet pointer (nil), flag 2, seq_nr 60691, ack_nr 0
 [16:25:07]  OUT: S 8, D 3, Dp 16, Sp 34, Pr 1, Fl 0x03, Sz 5 VIA: KISS
 [16:25:08]  RDP 0x555555f93f20: AC: Connection Failed
 [16:25:08]  RDP 0x555555f93f20: Close in CLOSE_WAIT, now closing
 [16:25:08]  RDP 0x555555f93f20: Flush TX Element, time 1446130889, seq 60690
 [16:25:10]  OUT: S 8, D 3, Dp 27, Sp 61, Pr 1, Fl 0x01, Sz 201 VIA: KISS
 [16:25:11]  RX Delay : 1183640 microsecond.
 [16:25:15]  OUT: S 8, D 3, Dp 27, Sp 42, Pr 1, Fl 0x01, Sz 201 VIA: KISS
 [16:25:16]  RX Delay : 1183640 microsecond.
 [16:25:21]  OUT: S 8, D 3, Dp 27, Sp 63, Pr 1, Fl 0x01, Sz 201 VIA: KISS
 [16:25:21]  RX Delay : 1183640 microsecond.
 [16:25:31]  OUT: S 8, D 3, Dp 27, Sp 45, Pr 1, Fl 0x01, Sz 201 VIA: KISS
 [16:25:32]  RX Delay : 1183640 microsecond.
 [16:25:40]  OUT: S 8, D 3, Dp 27, Sp 61, Pr 1, Fl 0x01, Sz 201 VIA: KISS
 [16:25:40]  RX Delay : 1183640 microsecond.
 [16:25:58]  OUT: S 8, D 3, Dp 13, Sp 61, Pr 1, Fl 0x01, Sz 12 VIA: KISS
 [16:25:58]  RX Delay : 1190368 microsecond.
 [16:26:03]  OUT: S 8, D 3, Dp 13, Sp 41, Pr 1, Fl 0x01, Sz 12 VIA: KISS
 [16:26:03]  RX Delay : 1190368 microsecond.
 [16:26:03]  INP: S 3, D 8, Dp 41, Sp 13, Pr 1, Fl 0x01, Sz 10 VIA: KISS
 [16:26:07]  OUT: S 8, D 3, Dp 27, Sp 33, Pr 1, Fl 0x01, Sz 201 VIA: KISS
 [16:26:08]  RX Delay : 1183640 microsecond.
 [16:26:16]  OUT: S 8, D 3, Dp 27, Sp 53, Pr 1, Fl 0x01, Sz 201 VIA: KISS
 [16:26:16]  RX Delay : 1183640 microsecond.
 [16:26:23]  OUT: S 8, D 3, Dp 27, Sp 45, Pr 1, Fl 0x01, Sz 201 VIA: KISS
 [16:26:24]  RX Delay : 1183640 microsecond.
