 [02:16:00]  Received statusrep : entries 1 count 50331648
 [02:16:00]  Now statusrep      : entries 1 count 50331648
 [02:16:00]  Now statusrep      : entries 1 count 3
 [02:16:07]  RDP: ERROR cannot send, connection reset
 [02:16:07]  RDP send failed!
 [02:20:32]  Half-open connection found, sending RST
 [02:20:32]  RDP 0x555555f93be0: Half-open connection detected, RST sent, now retrying
 [02:20:49]  Half-open connection found, sending RST
 [02:20:49]  RDP 0x555555f94260: Half-open connection detected, RST sent, now retrying
 [02:26:26]  Half-open connection found, sending RST
 [02:26:26]  RDP 0x555555f94330: Half-open connection detected, RST sent, now retrying
 [02:26:28]  Half-open connection found, sending RST
 [02:26:28]  RDP 0x555555f94330: Connection stayed half-open, even after RST and retry!
 [04:01:28]  Set Debug : True.
 [04:02:55]  OUT: S 8, D 3, Dp 13, Sp 53, Pr 1, Fl 0x01, Sz 12 VIA: KISS
 [04:02:55]  RX Delay : 1190368 microsecond.
 [04:02:56]  INP: S 3, D 8, Dp 53, Sp 13, Pr 1, Fl 0x01, Sz 10 VIA: KISS
 [04:03:39]  OUT: S 8, D 3, Dp 27, Sp 54, Pr 1, Fl 0x01, Sz 201 VIA: KISS
 [04:03:39]  RX Delay : 1183640 microsecond.
 [04:03:45]  OUT: S 8, D 3, Dp 27, Sp 46, Pr 1, Fl 0x01, Sz 201 VIA: KISS
 [04:03:46]  RX Delay : 1183640 microsecond.
 [04:03:52]  OUT: S 8, D 3, Dp 27, Sp 33, Pr 1, Fl 0x01, Sz 201 VIA: KISS
 [04:03:53]  RX Delay : 1183640 microsecond.
 [15:59:17]  Set Debug : True.
 [15:59:17]  INP: S 3, D 8, Dp 47, Sp 16, Pr 1, Fl 0x03, Sz 194 VIA: KISS
 [15:59:17]  RDP 0x563cf06aeff0: Received in S 3: syn 0, ack 1, eack 0, rst 0, seq_nr  7636, ack_nr  4813, packet_len 190 (185)
 [15:59:17]  FTP: Download : 0/2 (info)
 [15:59:17]  TX Element Free, time 1185382323, seq 4813, una 4814
 [15:59:17]  RDP 0x563cf06aeff0: Wake Tx task (check timeouts)
 [15:59:18]  RDP 0x563cf06aeff0: Wake Tx task (check timeouts)
 [15:59:18]  RDP 0x563cf06aeff0: Wake Tx task (check timeouts)
 [15:59:18]  INP: S 3, D 8, Dp 47, Sp 16, Pr 1, Fl 0x03, Sz 145 VIA: KISS
 [15:59:18]  RDP 0x563cf06aeff0: Received in S 3: syn 0, ack 1, eack 0, rst 0, seq_nr  7637, ack_nr  4813, packet_len 141 (136)
 [15:59:18]  FTP: Download : 1/2 (info)
 [15:59:18]  FTP: Finish FTP Download. FTP Status : 0
 [15:59:18]  RDP 0x563cf06aeff0: Wake Tx task (check timeouts)
 [15:59:18]  RDP 0x563cf06aeff0: Wake Tx task (check timeouts)
 [15:59:18]  INP: S 3, D 8, Dp 47, Sp 16, Pr 1, Fl 0x03, Sz 9 VIA: KISS
 [15:59:18]  RDP 0x563cf06aeff0: Received in S 3: syn 0, ack 1, eack 0, rst 0, seq_nr  7638, ack_nr  4813, packet_len 5 (0)
 [15:59:18]  RDP 0x563cf06aeff0: Wake Tx task (check timeouts)
 [15:59:18]  RDP 0x563cf06aeff0: Wake Tx task (check timeouts)
 [15:59:18]  RDP 0x563cf06aeff0: Wake Tx task (check timeouts)
 [15:59:18]  RDP 0x563cf06aeff0: Wake Tx task (check timeouts)
 [15:59:18]  RDP 0x563cf06aeff0: Wake Tx task (check timeouts)
 [15:59:18]  RDP 0x563cf06aeff0: Wake Tx task (check timeouts)
 [15:59:18]  RDP 0x563cf06aeff0: Wake Tx task (check timeouts)
 [15:59:18]  RDP 0x563cf06aeff0: Wake Tx task (check timeouts)
 [15:59:18]  RDP 0x563cf06aeff0: Wake Tx task (check timeouts)
 [15:59:18]  RDP 0x563cf06aeff0: Wake Tx task (check timeouts)
 [15:59:18]  RDP 0x563cf06aeff0: Wake Tx task (check timeouts)
 [15:59:18]  RDP 0x563cf06aeff0: Wake Tx task (check timeouts)
 [15:59:18]  RDP 0x563cf06aeff0: Wake Tx task (check timeouts)
 [15:59:18]  RDP: CMP: conn pointer 0x563cf06aeff0, packet pointer (nil), flag 2, seq_nr 4814, ack_nr 7637
 [15:59:18]  OUT: S 8, D 3, Dp 16, Sp 47, Pr 1, Fl 0x03, Sz 5 VIA: KISS
 [15:59:18]  RDP 0x563cf06aeff0: Wake Tx task (check timeouts)
 [15:59:19]  RDP 0x563cf06aeff0: Wake Tx task (check timeouts)
 [15:59:19]  RDP 0x563cf06aeff0: Wake Tx task (check timeouts)
 [15:59:19]  RDP 0x563cf06aeff0: Wake Tx task (check timeouts)
 [15:59:19]  RDP 0x563cf06aeff0: Wake Tx task (check timeouts)
 [15:59:19]  RDP 0x563cf06aeff0: Wake Tx task (check timeouts)
 [15:59:19]  RDP 0x563cf06aeff0: Wake Tx task (check timeouts)
 [15:59:19]  RDP 0x563cf06aeff0: Wake Tx task (check timeouts)
 [15:59:19]  RDP 0x563cf06aeff0: Wake Tx task (check timeouts)
 [15:59:19]  packet length : 1
 [15:59:19]  RDP 0x563cf06aeff0: Wake Tx task (check timeouts)
 [15:59:19]  RDP 0x563cf06aeff0: Wake Tx task (check timeouts)
 [15:59:19]  packet length : 6

 [15:59:19]  RDP: Sending  in S 3: syn 0, ack 1, eack 0, rst 0, seq_nr  4814, ack_nr  7637, packet_len 6 (1)
 [15:59:19]  RDP 0x563cf06aeff0: Wake Tx task (check timeouts)
 [15:59:19]  RDP 0x563cf06aeff0: Wake Tx task (check timeouts)
 [15:59:19]  OUT: S 8, D 3, Dp 16, Sp 47, Pr 2, Fl 0x03, Sz 6 VIA: KISS
 [15:59:19]  RDP 0x563cf06aeff0: Wake Tx task (check timeouts)
 [15:59:19]  RDP 0x563cf06aeff0: Wake Tx task (check timeouts)
 [15:59:19]  RDP 0x563cf06aeff0: Wake Tx task (check timeouts)
 [15:59:19]  RDP 0x563cf06aeff0: Wake Tx task (check timeouts)
 [15:59:19]  RDP 0x563cf06aeff0: Wake Tx task (check timeouts)
 [15:59:19]  RDP 0x563cf06aeff0: Wake Tx task (check timeouts)
 [15:59:19]  RDP 0x563cf06aeff0: Wake Tx task (check timeouts)
 [15:59:19]  RDP 0x563cf06aeff0: Wake Tx task (check timeouts)
 [15:59:19]  RDP 0x563cf06aeff0: Wake Tx task (check timeouts)
 [15:59:19]  RDP 0x563cf06aeff0: Wake Tx task (check timeouts)
 [15:59:19]  RDP 0x563cf06aeff0: Wake Tx task (check timeouts)
 [15:59:19]  RDP 0x563cf06aeff0: Wake Tx task (check timeouts)
 [15:59:19]  RDP 0x563cf06aeff0: Wake Tx task (check timeouts)
 [15:59:19]  RDP 0x563cf06aeff0: Wake Tx task (check timeouts)
 [15:59:19]  RDP 0x563cf06aeff0: Wake Tx task (check timeouts)
 [15:59:19]  RDP 0x563cf06aeff0: Wake Tx task (check timeouts)
 [15:59:19]  RDP 0x563cf06aeff0: Wake Tx task (check timeouts)
 [15:59:19]  RDP 0x563cf06aeff0: Wake Tx task (check timeouts)
 [15:59:19]  RDP 0x563cf06aeff0: Wake Tx task (check timeouts)
 [15:59:19]  RDP 0x563cf06aeff0: Wake Tx task (check timeouts)
 [15:59:19]  RDP 0x563cf06aeff0: Wake Tx task (check timeouts)
 [15:59:19]  INP: S 3, D 8, Dp 47, Sp 16, Pr 1, Fl 0x03, Sz 9 VIA: KISS
 [15:59:19]  RDP 0x563cf06aeff0: Received in S 3: syn 0, ack 1, eack 0, rst 0, seq_nr  7638, ack_nr  4814, packet_len 5 (0)
 [15:59:19]  TX Element Free, time 1185384752, seq 4814, una 4815
 [15:59:19]  RDP 0x563cf06aeff0: Wake Tx task (check timeouts)
 [15:59:19]  RDP 0x563cf06aeff0: Wake Tx task (check timeouts)
 [15:59:19]  RDP 0x563cf06aeff0: Wake Tx task (check timeouts)
 [15:59:19]  INP: S 3, D 8, Dp 47, Sp 16, Pr 1, Fl 0x03, Sz 15 VIA: KISS
 [15:59:19]  RDP 0x563cf06aeff0: Received in S 3: syn 0, ack 1, eack 0, rst 0, seq_nr  7638, ack_nr  4814, packet_len 11 (6)
 [15:59:19]  FTP: FTP Transaction Completed. (info)
 [15:59:19]  RDP 0x563cf06aeff0: Wake Tx task (check timeouts)
 [15:59:20]  RDP 0x563cf06aeff0: Wake Tx task (check timeouts)
 [15:59:20]  RDP 0x563cf06aeff0: Wake Tx task (check timeouts)
 [15:59:20]  INP: S 3, D 8, Dp 47, Sp 16, Pr 1, Fl 0x03, Sz 9 VIA: KISS
 [15:59:20]  RDP 0x563cf06aeff0: Received in S 3: syn 0, ack 1, eack 0, rst 1, seq_nr  7639, ack_nr  4814, packet_len 5 (0)
 [15:59:20]  RDP 0x563cf06aeff0: Got RESET in state 3
 [15:59:20]  RDP 0x563cf06aeff0: RESET in sequence, no more data incoming, reply with RESET
 [15:59:20]  RDP: CMP: conn pointer 0x563cf06aeff0, packet pointer (nil), flag 10, seq_nr 4815, ack_nr 7638
 [15:59:20]  OUT: S 8, D 3, Dp 16, Sp 47, Pr 1, Fl 0x03, Sz 5 VIA: KISS
 [15:59:20]  RDP 0x563cf06aeff0: Waiting for userspace to close
 [15:59:20]  FTP: CRC Checking : 0
 [15:59:25]  RDP: ERROR cannot send, connection reset
 [15:59:25]  RDP send failed!
 [15:59:26]  RDP 0x563cf06aeff0: Close in CLOSE_WAIT, now closing
 [15:59:26]  FTP: FTP Done Completed.
 [15:59:39]  OUT: S 8, D 3, Dp 27, Sp 58, Pr 1, Fl 0x01, Sz 201 VIA: KISS
 [15:59:40]  RX Delay : 1183640 microsecond.
 [15:59:40]  INP: S 3, D 8, Dp 58, Sp 27, Pr 1, Fl 0x01, Sz 10 VIA: KISS
 [15:59:49]  FTP: Start FTP Downlink. (info)
 [15:59:49]  FTP: Start FTP Downlink
 [15:59:49]  FTP: Confirmed File URLs.
 [15:59:49]  FTP: Create Connection.
 [15:59:49]  RDP 0x563cf06aeff0: Active connect, conn state 0
 [15:59:49]  RDP 0x563cf06aeff0: AC: Sending SYN
 [15:59:49]  RDP: CMP: conn pointer 0x563cf06aeff0, packet pointer 0x563d263b5ca0, flag 1, seq_nr 62431, ack_nr 0
 [15:59:49]  OUT: S 8, D 3, Dp 16, Sp 38, Pr 1, Fl 0x03, Sz 29 VIA: KISS
 [15:59:50]  RDP 0x563cf06aeff0: AC: Waiting for SYN/ACK reply...
 [15:59:50]  INP: S 3, D 8, Dp 38, Sp 16, Pr 1, Fl 0x03, Sz 9 VIA: KISS
 [15:59:50]  RDP 0x563cf06aeff0: Received in S 1: syn 1, ack 1, eack 0, rst 0, seq_nr 47548, ack_nr 62431, packet_len 5 (0)
 [15:59:50]  RDP: NP: Connection OPEN
 [15:59:50]  RDP: CMP: conn pointer 0x563cf06aeff0, packet pointer (nil), flag 2, seq_nr 62432, ack_nr 47548
 [15:59:50]  OUT: S 8, D 3, Dp 16, Sp 38, Pr 1, Fl 0x03, Sz 5 VIA: KISS
 [15:59:51]  RDP 0x563cf06aeff0: Wake Tx task (ack)
 [15:59:51]  RDP 0x563cf06aeff0: AC: Connection OPEN
 [15:59:51]  TX Element Free, time 1185415325, seq 62431, una 62432
 [15:59:51]  RDP 0x563cf06aeff0: Wake Tx task (check timeouts)
 [15:59:51]  RDP 0x563cf06aeff0: Wake Tx task (check timeouts)
 [15:59:51]  RDP 0x563cf06aeff0: Wake Tx task (check timeouts)
 [15:59:51]  RDP 0x563cf06aeff0: Wake Tx task (check timeouts)
 [15:59:51]  RDP 0x563cf06aeff0: Wake Tx task (check timeouts)
 [15:59:51]  RDP 0x563cf06aeff0: Wake Tx task (check timeouts)
 [15:59:52]  RDP 0x563cf06aeff0: Wake Tx task (check timeouts)
 [15:59:52]  RDP 0x563cf06aeff0: Wake Tx task (check timeouts)
 [15:59:52]  RDP 0x563cf06aeff0: Wake Tx task (check timeouts)
 [15:59:52]  RDP 0x563cf06aeff0: Wake Tx task (check timeouts)
 [15:59:52]  RDP 0x563cf06aeff0: Wake Tx task (check timeouts)
 [15:59:52]  RDP 0x563cf06aeff0: Wake Tx task (check timeouts)
 [15:59:52]  RDP 0x563cf06aeff0: Wake Tx task (check timeouts)
 [15:59:52]  RDP 0x563cf06aeff0: Wake Tx task (check timeouts)
 [15:59:52]  RDP 0x563cf06aeff0: Wake Tx task (check timeouts)
 [15:59:52]  RDP 0x563cf06aeff0: Wake Tx task (check timeouts)
 [15:59:52]  RDP 0x563cf06aeff0: Wake Tx task (check timeouts)
 [15:59:52]  RDP 0x563cf06aeff0: Wake Tx task (check timeouts)
 [15:59:52]  RDP 0x563cf06aeff0: Wake Tx task (check timeouts)
 [15:59:52]  RDP 0x563cf06aeff0: Wake Tx task (check timeouts)
 [15:59:52]  RDP 0x563cf06aeff0: Wake Tx task (check timeouts)
 [15:59:52]  RDP 0x563cf06aeff0: Wake Tx task (check timeouts)
 [15:59:52]  INP: S 3, D 8, Dp 38, Sp 16, Pr 1, Fl 0x03, Sz 9 VIA: KISS
 [15:59:52]  RDP 0x563cf06aeff0: Received in S 3: syn 0, ack 1, eack 0, rst 0, seq_nr 47549, ack_nr 62431, packet_len 5 (0)
 [15:59:52]  RDP 0x563cf06aeff0: Wake Tx task (check timeouts)
 [15:59:52]  RDP 0x563cf06aeff0: Wake Tx task (check timeouts)
 [15:59:52]  RDP 0x563cf06aeff0: Wake Tx task (check timeouts)
 [15:59:52]  RDP 0x563cf06aeff0: Wake Tx task (check timeouts)
 [15:59:52]  RDP 0x563cf06aeff0: Wake Tx task (check timeouts)
 [15:59:52]  RDP 0x563cf06aeff0: Wake Tx task (check timeouts)
 [15:59:52]  RDP 0x563cf06aeff0: Wake Tx task (check timeouts)
 [15:59:52]  RDP 0x563cf06aeff0: Wake Tx task (check timeouts)
 [15:59:52]  RDP 0x563cf06aeff0: Wake Tx task (check timeouts)
 [15:59:52]  RDP 0x563cf06aeff0: Wake Tx task (check timeouts)
 [15:59:52]  RDP 0x563cf06aeff0: Wake Tx task (check timeouts)
 [15:59:52]  RDP 0x563cf06aeff0: Wake Tx task (check timeouts)
 [15:59:52]  RDP: CMP: conn pointer 0x563cf06aeff0, packet pointer (nil), flag 2, seq_nr 62432, ack_nr 47548
 [15:59:52]  OUT: S 8, D 3, Dp 16, Sp 38, Pr 1, Fl 0x03, Sz 5 VIA: KISS
 [15:59:53]  RDP 0x563cf06aeff0: Wake Tx task (check timeouts)
 [15:59:53]  RDP 0x563cf06aeff0: Wake Tx task (check timeouts)
 [15:59:53]  RDP 0x563cf06aeff0: Wake Tx task (check timeouts)
 [15:59:53]  RDP 0x563cf06aeff0: Wake Tx task (check timeouts)
 [15:59:53]  RDP 0x563cf06aeff0: Wake Tx task (check timeouts)
 [15:59:53]  RDP 0x563cf06aeff0: Wake Tx task (check timeouts)
 [15:59:53]  RDP 0x563cf06aeff0: Wake Tx task (check timeouts)
 [15:59:53]  RDP 0x563cf06aeff0: Wake Tx task (check timeouts)
 [15:59:53]  RDP 0x563cf06aeff0: Wake Tx task (check timeouts)
 [15:59:53]  RDP 0x563cf06aeff0: Wake Tx task (check timeouts)
 [15:59:53]  RDP 0x563cf06aeff0: Wake Tx task (check timeouts)
 [15:59:53]  RDP 0x563cf06aeff0: Wake Tx task (check timeouts)
 [15:59:53]  RDP 0x563cf06aeff0: Wake Tx task (check timeouts)
 [15:59:53]  RDP 0x563cf06aeff0: Wake Tx task (check timeouts)
 [15:59:53]  RDP 0x563cf06aeff0: Wake Tx task (check timeouts)
 [15:59:53]  RDP 0x563cf06aeff0: Wake Tx task (check timeouts)
 [15:59:53]  RDP 0x563cf06aeff0: Wake Tx task (check timeouts)
 [15:59:53]  RDP 0x563cf06aeff0: Wake Tx task (check timeouts)
 [15:59:53]  RDP 0x563cf06aeff0: Wake Tx task (check timeouts)
 [15:59:53]  RDP 0x563cf06aeff0: Wake Tx task (check timeouts)
 [15:59:53]  RDP 0x563cf06aeff0: Wake Tx task (check timeouts)
 [15:59:53]  RDP 0x563cf06aeff0: Wake Tx task (check timeouts)
 [15:59:53]  FTP: Connection Created. Send File Request
 [15:59:53]  RX Delay : 1193732 microsecond.
 [15:59:53]  packet length : 62
 [15:59:53]  packet length : 67

 [15:59:53]  RDP: Sending  in S 3: syn 0, ack 1, eack 0, rst 0, seq_nr 62432, ack_nr 47548, packet_len 67 (62)
 [15:59:53]  OUT: S 8, D 3, Dp 16, Sp 38, Pr 2, Fl 0x03, Sz 67 VIA: KISS
 [15:59:53]  RDP 0x563cf06aeff0: Wake Tx task (check timeouts)
 [15:59:54]  RDP 0x563cf06aeff0: Wake Tx task (check timeouts)
 [15:59:54]  RDP 0x563cf06aeff0: Wake Tx task (check timeouts)
 [15:59:54]  RDP 0x563cf06aeff0: Wake Tx task (check timeouts)
 [15:59:54]  RDP 0x563cf06aeff0: Wake Tx task (check timeouts)
 [15:59:54]  RDP 0x563cf06aeff0: Wake Tx task (check timeouts)
 [15:59:54]  RDP 0x563cf06aeff0: Wake Tx task (check timeouts)
 [15:59:54]  RDP 0x563cf06aeff0: Wake Tx task (check timeouts)
 [15:59:54]  RDP 0x563cf06aeff0: Wake Tx task (check timeouts)
 [15:59:54]  RDP 0x563cf06aeff0: Wake Tx task (check timeouts)
 [15:59:54]  RDP 0x563cf06aeff0: Wake Tx task (check timeouts)
 [15:59:54]  RDP 0x563cf06aeff0: Wake Tx task (check timeouts)
 [15:59:54]  RDP 0x563cf06aeff0: Wake Tx task (check timeouts)
 [15:59:54]  RDP 0x563cf06aeff0: Wake Tx task (check timeouts)
 [15:59:54]  RDP 0x563cf06aeff0: Wake Tx task (check timeouts)
 [15:59:54]  INP: S 3, D 8, Dp 38, Sp 16, Pr 1, Fl 0x03, Sz 9 VIA: KISS
 [15:59:54]  RDP 0x563cf06aeff0: Received in S 3: syn 0, ack 1, eack 0, rst 0, seq_nr 47549, ack_nr 62432, packet_len 5 (0)
 [15:59:54]  TX Element Free, time 1185419331, seq 62432, una 62433
 [15:59:54]  RDP 0x563cf06aeff0: Wake Tx task (check timeouts)
 [15:59:54]  RDP 0x563cf06aeff0: Wake Tx task (check timeouts)
 [15:59:54]  RDP 0x563cf06aeff0: Wake Tx task (check timeouts)
 [15:59:54]  RDP 0x563cf06aeff0: Wake Tx task (check timeouts)
 [15:59:54]  INP: S 3, D 8, Dp 38, Sp 16, Pr 1, Fl 0x03, Sz 19 VIA: KISS
 [15:59:54]  RDP 0x563cf06aeff0: Received in S 3: syn 0, ack 1, eack 0, rst 0, seq_nr 47549, ack_nr 62432, packet_len 15 (10)
 [15:59:54]  FTP: Received FTP Download Spec. Filesize : 436, CRC : 2833844923. (info)
 [15:59:54]  RDP 0x563cf06aeff0: Wake Tx task (check timeouts)
 [15:59:54]  RDP 0x563cf06aeff0: Wake Tx task (check timeouts)
 [15:59:54]  RDP 0x563cf06aeff0: Wake Tx task (check timeouts)
 [15:59:54]  RDP 0x563cf06aeff0: Wake Tx task (check timeouts)
 [15:59:54]  RDP 0x563cf06aeff0: Wake Tx task (check timeouts)
 [15:59:54]  RDP 0x563cf06aeff0: Wake Tx task (check timeouts)
 [15:59:54]  RDP 0x563cf06aeff0: Wake Tx task (check timeouts)
 [15:59:54]  RDP 0x563cf06aeff0: Wake Tx task (check timeouts)
 [15:59:54]  RDP 0x563cf06aeff0: Wake Tx task (check timeouts)
 [15:59:54]  RDP 0x563cf06aeff0: Wake Tx task (check timeouts)
 [15:59:54]  RDP 0x563cf06aeff0: Wake Tx task (check timeouts)
 [15:59:54]  RDP 0x563cf06aeff0: Wake Tx task (check timeouts)
 [15:59:55]  RDP 0x563cf06aeff0: Wake Tx task (check timeouts)
 [15:59:55]  RDP 0x563cf06aeff0: Wake Tx task (check timeouts)
 [15:59:55]  RDP 0x563cf06aeff0: Wake Tx task (check timeouts)
 [15:59:55]  RDP 0x563cf06aeff0: Wake Tx task (check timeouts)
 [15:59:55]  RDP 0x563cf06aeff0: Wake Tx task (check timeouts)
 [15:59:55]  RDP: CMP: conn pointer 0x563cf06aeff0, packet pointer (nil), flag 2, seq_nr 62433, ack_nr 47549
 [15:59:55]  OUT: S 8, D 3, Dp 16, Sp 38, Pr 1, Fl 0x03, Sz 5 VIA: KISS
 [15:59:55]  RDP 0x563cf06aeff0: Wake Tx task (check timeouts)
 [15:59:55]  RDP 0x563cf06aeff0: Wake Tx task (check timeouts)
 [15:59:55]  RDP 0x563cf06aeff0: Wake Tx task (check timeouts)
 [15:59:55]  RDP 0x563cf06aeff0: Wake Tx task (check timeouts)
 [15:59:55]  RDP 0x563cf06aeff0: Wake Tx task (check timeouts)
 [15:59:55]  RDP 0x563cf06aeff0: Wake Tx task (check timeouts)
 [15:59:55]  FTP: Start FTP Download.
 [15:59:55]  FTP: Start FTP Downlink. Total Chunk Size : 3 (info)
 [15:59:55]  packet length : 92
 [15:59:55]  RDP 0x563cf06aeff0: Wake Tx task (check timeouts)
 [15:59:55]  RDP 0x563cf06aeff0: Wake Tx task (check timeouts)
 [15:59:55]  packet length : 97

 [15:59:55]  RDP: Sending  in S 3: syn 0, ack 1, eack 0, rst 0, seq_nr 62433, ack_nr 47549, packet_len 97 (92)
 [15:59:55]  RDP 0x563cf06aeff0: Wake Tx task (check timeouts)
 [15:59:55]  RDP 0x563cf06aeff0: Wake Tx task (check timeouts)
 [15:59:55]  OUT: S 8, D 3, Dp 16, Sp 38, Pr 2, Fl 0x03, Sz 97 VIA: KISS
 [15:59:55]  RDP 0x563cf06aeff0: Wake Tx task (check timeouts)
 [15:59:55]  RDP 0x563cf06aeff0: Wake Tx task (check timeouts)
 [15:59:55]  RDP 0x563cf06aeff0: Wake Tx task (check timeouts)
 [15:59:55]  RDP 0x563cf06aeff0: Wake Tx task (check timeouts)
 [15:59:55]  RDP 0x563cf06aeff0: Wake Tx task (check timeouts)
 [15:59:55]  RDP 0x563cf06aeff0: Wake Tx task (check timeouts)
 [15:59:55]  RDP 0x563cf06aeff0: Wake Tx task (check timeouts)
 [15:59:55]  RDP 0x563cf06aeff0: Wake Tx task (check timeouts)
 [15:59:55]  RDP 0x563cf06aeff0: Wake Tx task (check timeouts)
 [15:59:55]  RDP 0x563cf06aeff0: Wake Tx task (check timeouts)
 [15:59:56]  RDP 0x563cf06aeff0: Wake Tx task (check timeouts)
 [15:59:56]  RDP 0x563cf06aeff0: Wake Tx task (check timeouts)
 [15:59:56]  RDP 0x563cf06aeff0: Wake Tx task (check timeouts)
 [15:59:56]  RDP 0x563cf06aeff0: Wake Tx task (check timeouts)
 [15:59:56]  RDP 0x563cf06aeff0: Wake Tx task (check timeouts)
 [15:59:56]  RDP 0x563cf06aeff0: Wake Tx task (check timeouts)
 [15:59:56]  RDP 0x563cf06aeff0: Wake Tx task (check timeouts)
 [15:59:56]  RDP 0x563cf06aeff0: Wake Tx task (check timeouts)
 [15:59:56]  RDP 0x563cf06aeff0: Wake Tx task (check timeouts)
 [15:59:56]  RDP 0x563cf06aeff0: Wake Tx task (check timeouts)
 [15:59:56]  RDP 0x563cf06aeff0: Wake Tx task (check timeouts)
 [15:59:56]  RDP 0x563cf06aeff0: Wake Tx task (check timeouts)
 [15:59:56]  RDP 0x563cf06aeff0: Wake Tx task (check timeouts)
 [15:59:56]  RDP 0x563cf06aeff0: Wake Tx task (check timeouts)
 [15:59:56]  RDP 0x563cf06aeff0: Wake Tx task (check timeouts)
 [15:59:56]  RDP 0x563cf06aeff0: Wake Tx task (check timeouts)
 [15:59:56]  RDP 0x563cf06aeff0: Wake Tx task (check timeouts)
 [15:59:56]  RDP 0x563cf06aeff0: Wake Tx task (check timeouts)
 [15:59:56]  RDP 0x563cf06aeff0: Wake Tx task (check timeouts)
 [15:59:56]  RDP 0x563cf06aeff0: Wake Tx task (check timeouts)
 [15:59:56]  RDP 0x563cf06aeff0: Wake Tx task (check timeouts)
 [15:59:56]  RDP 0x563cf06aeff0: Wake Tx task (check timeouts)
 [15:59:56]  RDP 0x563cf06aeff0: Wake Tx task (check timeouts)
 [15:59:56]  RDP 0x563cf06aeff0: Wake Tx task (check timeouts)
 [15:59:56]  RDP 0x563cf06aeff0: Wake Tx task (check timeouts)
 [15:59:56]  INP: S 3, D 8, Dp 38, Sp 16, Pr 1, Fl 0x03, Sz 194 VIA: KISS
 [15:59:56]  RDP 0x563cf06aeff0: Received in S 3: syn 0, ack 1, eack 0, rst 0, seq_nr 47550, ack_nr 62433, packet_len 190 (185)
 [15:59:56]  FTP: Download : 0/3 (info)
 [15:59:56]  TX Element Free, time 1185421178, seq 62433, una 62434
 [15:59:56]  RDP 0x563cf06aeff0: Wake Tx task (check timeouts)
 [15:59:56]  RDP 0x563cf06aeff0: Wake Tx task (check timeouts)
 [15:59:56]  RDP 0x563cf06aeff0: Wake Tx task (check timeouts)
 [15:59:56]  RDP 0x563cf06aeff0: Wake Tx task (check timeouts)
 [15:59:56]  RDP 0x563cf06aeff0: Wake Tx task (check timeouts)
 [15:59:56]  RDP 0x563cf06aeff0: Wake Tx task (check timeouts)
 [15:59:56]  RDP 0x563cf06aeff0: Wake Tx task (check timeouts)
 [15:59:56]  RDP 0x563cf06aeff0: Wake Tx task (check timeouts)
 [15:59:56]  RDP 0x563cf06aeff0: Wake Tx task (check timeouts)
 [15:59:57]  RDP 0x563cf06aeff0: Wake Tx task (check timeouts)
 [15:59:57]  RDP 0x563cf06aeff0: Wake Tx task (check timeouts)
 [15:59:57]  RDP 0x563cf06aeff0: Wake Tx task (check timeouts)
 [15:59:57]  RDP 0x563cf06aeff0: Wake Tx task (check timeouts)
 [15:59:57]  RDP 0x563cf06aeff0: Wake Tx task (check timeouts)
 [15:59:57]  INP: S 3, D 8, Dp 38, Sp 16, Pr 1, Fl 0x03, Sz 194 VIA: KISS
 [15:59:57]  RDP 0x563cf06aeff0: Received in S 3: syn 0, ack 1, eack 0, rst 0, seq_nr 47551, ack_nr 62433, packet_len 190 (185)
 [15:59:57]  FTP: Download : 1/3 (info)
 [15:59:57]  RDP 0x563cf06aeff0: Wake Tx task (check timeouts)
 [15:59:57]  RDP 0x563cf06aeff0: Wake Tx task (check timeouts)
 [15:59:57]  RDP 0x563cf06aeff0: Wake Tx task (check timeouts)
 [15:59:57]  RDP 0x563cf06aeff0: Wake Tx task (check timeouts)
 [15:59:57]  RDP 0x563cf06aeff0: Wake Tx task (check timeouts)
 [15:59:57]  RDP 0x563cf06aeff0: Wake Tx task (check timeouts)
 [15:59:57]  RDP 0x563cf06aeff0: Wake Tx task (check timeouts)
 [15:59:57]  RDP 0x563cf06aeff0: Wake Tx task (check timeouts)
 [15:59:57]  INP: S 3, D 8, Dp 38, Sp 16, Pr 1, Fl 0x03, Sz 90 VIA: KISS
 [15:59:57]  RDP 0x563cf06aeff0: Received in S 3: syn 0, ack 1, eack 0, rst 0, seq_nr 47552, ack_nr 62433, packet_len 86 (81)
 [15:59:57]  FTP: Download : 2/3 (info)
 [15:59:57]  FTP: Finish FTP Download. FTP Status : 0
 [15:59:57]  RDP 0x563cf06aeff0: Wake Tx task (check timeouts)
 [15:59:57]  RDP 0x563cf06aeff0: Wake Tx task (check timeouts)
 [15:59:57]  RDP 0x563cf06aeff0: Wake Tx task (check timeouts)
 [15:59:57]  INP: S 3, D 8, Dp 38, Sp 16, Pr 1, Fl 0x03, Sz 9 VIA: KISS
 [15:59:57]  RDP 0x563cf06aeff0: Received in S 3: syn 0, ack 1, eack 0, rst 0, seq_nr 47553, ack_nr 62433, packet_len 5 (0)
 [15:59:57]  RDP 0x563cf06aeff0: Wake Tx task (check timeouts)
 [15:59:57]  RDP: CMP: conn pointer 0x563cf06aeff0, packet pointer (nil), flag 2, seq_nr 62434, ack_nr 47552
 [15:59:57]  OUT: S 8, D 3, Dp 16, Sp 38, Pr 1, Fl 0x03, Sz 5 VIA: KISS
 [15:59:57]  RDP 0x563cf06aeff0: Wake Tx task (check timeouts)
 [15:59:57]  RDP 0x563cf06aeff0: Wake Tx task (check timeouts)
 [15:59:57]  RDP 0x563cf06aeff0: Wake Tx task (check timeouts)
 [15:59:57]  RDP 0x563cf06aeff0: Wake Tx task (check timeouts)
 [15:59:57]  RDP 0x563cf06aeff0: Wake Tx task (check timeouts)
 [15:59:57]  RDP 0x563cf06aeff0: Wake Tx task (check timeouts)
 [15:59:57]  RDP 0x563cf06aeff0: Wake Tx task (check timeouts)
 [15:59:58]  RDP 0x563cf06aeff0: Wake Tx task (check timeouts)
 [15:59:58]  RDP 0x563cf06aeff0: Wake Tx task (check timeouts)
 [15:59:58]  RDP 0x563cf06aeff0: Wake Tx task (check timeouts)
 [15:59:58]  RDP 0x563cf06aeff0: Wake Tx task (check timeouts)
 [15:59:58]  RDP 0x563cf06aeff0: Wake Tx task (check timeouts)
 [15:59:58]  RDP 0x563cf06aeff0: Wake Tx task (check timeouts)
 [15:59:58]  RDP 0x563cf06aeff0: Wake Tx task (check timeouts)
 [15:59:58]  RDP 0x563cf06aeff0: Wake Tx task (check timeouts)
 [15:59:58]  RDP 0x563cf06aeff0: Wake Tx task (check timeouts)
 [15:59:58]  RDP 0x563cf06aeff0: Wake Tx task (check timeouts)
 [15:59:58]  RDP 0x563cf06aeff0: Wake Tx task (check timeouts)
 [15:59:58]  RDP 0x563cf06aeff0: Wake Tx task (check timeouts)
 [15:59:58]  RDP 0x563cf06aeff0: Wake Tx task (check timeouts)
 [15:59:58]  packet length : 1
 [15:59:58]  RDP 0x563cf06aeff0: Wake Tx task (check timeouts)
 [15:59:58]  RDP 0x563cf06aeff0: Wake Tx task (check timeouts)
 [15:59:58]  packet length : 6

 [15:59:58]  RDP: Sending  in S 3: syn 0, ack 1, eack 0, rst 0, seq_nr 62434, ack_nr 47552, packet_len 6 (1)
 [15:59:58]  RDP 0x563cf06aeff0: Wake Tx task (check timeouts)
 [15:59:58]  OUT: S 8, D 3, Dp 16, Sp 38, Pr 2, Fl 0x03, Sz 6 VIA: KISS
 [15:59:58]  RDP 0x563cf06aeff0: Wake Tx task (check timeouts)
 [15:59:58]  RDP 0x563cf06aeff0: Wake Tx task (check timeouts)
 [15:59:58]  RDP 0x563cf06aeff0: Wake Tx task (check timeouts)
 [15:59:58]  RDP 0x563cf06aeff0: Wake Tx task (check timeouts)
 [15:59:58]  RDP 0x563cf06aeff0: Wake Tx task (check timeouts)
 [15:59:58]  RDP 0x563cf06aeff0: Wake Tx task (check timeouts)
 [15:59:58]  RDP 0x563cf06aeff0: Wake Tx task (check timeouts)
 [15:59:58]  RDP 0x563cf06aeff0: Wake Tx task (check timeouts)
 [15:59:58]  RDP 0x563cf06aeff0: Wake Tx task (check timeouts)
 [15:59:58]  RDP 0x563cf06aeff0: Wake Tx task (check timeouts)
 [15:59:58]  RDP 0x563cf06aeff0: Wake Tx task (check timeouts)
 [15:59:58]  RDP 0x563cf06aeff0: Wake Tx task (check timeouts)
 [15:59:58]  RDP 0x563cf06aeff0: Wake Tx task (check timeouts)
 [15:59:58]  RDP 0x563cf06aeff0: Wake Tx task (check timeouts)
 [15:59:58]  RDP 0x563cf06aeff0: Wake Tx task (check timeouts)
 [15:59:58]  RDP 0x563cf06aeff0: Wake Tx task (check timeouts)
 [15:59:58]  RDP 0x563cf06aeff0: Wake Tx task (check timeouts)
 [15:59:58]  RDP 0x563cf06aeff0: Wake Tx task (check timeouts)
 [15:59:58]  RDP 0x563cf06aeff0: Wake Tx task (check timeouts)
 [15:59:58]  RDP 0x563cf06aeff0: Wake Tx task (check timeouts)
 [15:59:58]  RDP 0x563cf06aeff0: Wake Tx task (check timeouts)
 [15:59:59]  RDP 0x563cf06aeff0: Wake Tx task (check timeouts)
 [15:59:59]  RDP 0x563cf06aeff0: Wake Tx task (check timeouts)
 [15:59:59]  RDP 0x563cf06aeff0: Wake Tx task (check timeouts)
 [15:59:59]  RDP 0x563cf06aeff0: Wake Tx task (check timeouts)
 [15:59:59]  RDP 0x563cf06aeff0: Wake Tx task (check timeouts)
 [15:59:59]  RDP 0x563cf06aeff0: Wake Tx task (check timeouts)
 [15:59:59]  RDP 0x563cf06aeff0: Wake Tx task (check timeouts)
 [15:59:59]  RDP 0x563cf06aeff0: Wake Tx task (check timeouts)
 [15:59:59]  RDP 0x563cf06aeff0: Wake Tx task (check timeouts)
 [15:59:59]  RDP 0x563cf06aeff0: Wake Tx task (check timeouts)
 [15:59:59]  RDP 0x563cf06aeff0: Wake Tx task (check timeouts)
 [15:59:59]  RDP 0x563cf06aeff0: Wake Tx task (check timeouts)
 [15:59:59]  RDP 0x563cf06aeff0: Wake Tx task (check timeouts)
 [15:59:59]  RDP 0x563cf06aeff0: Wake Tx task (check timeouts)
 [15:59:59]  RDP 0x563cf06aeff0: Wake Tx task (check timeouts)
 [15:59:59]  RDP 0x563cf06aeff0: Wake Tx task (check timeouts)
 [15:59:59]  RDP 0x563cf06aeff0: Wake Tx task (check timeouts)
 [15:59:59]  RDP 0x563cf06aeff0: Wake Tx task (check timeouts)
 [15:59:59]  RDP 0x563cf06aeff0: Wake Tx task (check timeouts)
 [15:59:59]  RDP 0x563cf06aeff0: Wake Tx task (check timeouts)
 [15:59:59]  RDP 0x563cf06aeff0: Wake Tx task (check timeouts)
 [15:59:59]  RDP 0x563cf06aeff0: Wake Tx task (check timeouts)
 [15:59:59]  RDP 0x563cf06aeff0: Wake Tx task (check timeouts)
 [15:59:59]  RDP 0x563cf06aeff0: Wake Tx task (check timeouts)
 [15:59:59]  RDP 0x563cf06aeff0: Wake Tx task (check timeouts)
 [15:59:59]  RDP 0x563cf06aeff0: Wake Tx task (check timeouts)
 [15:59:59]  RDP 0x563cf06aeff0: Wake Tx task (check timeouts)
 [15:59:59]  RDP 0x563cf06aeff0: Wake Tx task (check timeouts)
 [15:59:59]  RDP 0x563cf06aeff0: Wake Tx task (check timeouts)
 [15:59:59]  RDP 0x563cf06aeff0: Wake Tx task (check timeouts)
 [15:59:59]  RDP 0x563cf06aeff0: Wake Tx task (check timeouts)
 [15:59:59]  RDP 0x563cf06aeff0: Wake Tx task (check timeouts)
 [15:59:59]  RDP: CMP: conn pointer 0x563cf06aeff0, packet pointer (nil), flag 2, seq_nr 62435, ack_nr 47552
 [15:59:59]  OUT: S 8, D 3, Dp 16, Sp 38, Pr 1, Fl 0x03, Sz 5 VIA: KISS
 [16:00:00]  RDP 0x563cf06aeff0: Wake Tx task (check timeouts)
 [16:00:00]  RDP 0x563cf06aeff0: Wake Tx task (check timeouts)
 [16:00:00]  RDP 0x563cf06aeff0: Wake Tx task (check timeouts)
 [16:00:00]  RDP 0x563cf06aeff0: Wake Tx task (check timeouts)
 [16:00:00]  RDP 0x563cf06aeff0: Wake Tx task (check timeouts)
 [16:00:00]  RDP 0x563cf06aeff0: Wake Tx task (check timeouts)
 [16:00:00]  RDP 0x563cf06aeff0: Wake Tx task (check timeouts)
 [16:00:00]  RDP 0x563cf06aeff0: Wake Tx task (check timeouts)
 [16:00:00]  RDP 0x563cf06aeff0: Wake Tx task (check timeouts)
 [16:00:00]  RDP 0x563cf06aeff0: Wake Tx task (check timeouts)
 [16:00:00]  RDP 0x563cf06aeff0: Wake Tx task (check timeouts)
 [16:00:00]  RDP 0x563cf06aeff0: Wake Tx task (check timeouts)
 [16:00:00]  RDP 0x563cf06aeff0: Wake Tx task (check timeouts)
 [16:00:00]  RDP 0x563cf06aeff0: Wake Tx task (check timeouts)
 [16:00:00]  RDP 0x563cf06aeff0: Wake Tx task (check timeouts)
 [16:00:00]  RDP 0x563cf06aeff0: Wake Tx task (check timeouts)
 [16:00:00]  RDP 0x563cf06aeff0: Wake Tx task (check timeouts)
 [16:00:00]  RDP 0x563cf06aeff0: Wake Tx task (check timeouts)
 [16:00:00]  INP: S 3, D 8, Dp 38, Sp 16, Pr 1, Fl 0x03, Sz 9 VIA: KISS
 [16:00:00]  RDP 0x563cf06aeff0: Received in S 3: syn 0, ack 1, eack 0, rst 0, seq_nr 47553, ack_nr 62433, packet_len 5 (0)
 [16:00:00]  RDP 0x563cf06aeff0: Wake Tx task (check timeouts)
 [16:00:00]  RDP 0x563cf06aeff0: Wake Tx task (check timeouts)
 [16:00:00]  RDP 0x563cf06aeff0: Wake Tx task (check timeouts)
 [16:00:00]  RDP 0x563cf06aeff0: Wake Tx task (check timeouts)
 [16:00:00]  RDP 0x563cf06aeff0: Wake Tx task (check timeouts)
 [16:00:00]  RDP 0x563cf06aeff0: Wake Tx task (check timeouts)
 [16:00:00]  RDP 0x563cf06aeff0: Wake Tx task (check timeouts)
 [16:00:00]  RDP 0x563cf06aeff0: Wake Tx task (check timeouts)
 [16:00:00]  RDP 0x563cf06aeff0: Wake Tx task (check timeouts)
 [16:00:00]  RDP 0x563cf06aeff0: Wake Tx task (check timeouts)
 [16:00:00]  RDP 0x563cf06aeff0: Wake Tx task (check timeouts)
 [16:00:01]  RDP 0x563cf06aeff0: Wake Tx task (check timeouts)
 [16:00:01]  RDP 0x563cf06aeff0: Wake Tx task (check timeouts)
 [16:00:01]  RDP 0x563cf06aeff0: Wake Tx task (check timeouts)
 [16:00:01]  RDP 0x563cf06aeff0: Wake Tx task (check timeouts)
 [16:00:01]  RDP 0x563cf06aeff0: Wake Tx task (check timeouts)
 [16:00:01]  RDP 0x563cf06aeff0: Wake Tx task (check timeouts)
 [16:00:01]  RDP 0x563cf06aeff0: Wake Tx task (check timeouts)
 [16:00:01]  RDP 0x563cf06aeff0: Wake Tx task (check timeouts)
 [16:00:01]  RDP 0x563cf06aeff0: Wake Tx task (check timeouts)
 [16:00:01]  RDP 0x563cf06aeff0: Wake Tx task (check timeouts)
 [16:00:01]  RDP 0x563cf06aeff0: Wake Tx task (check timeouts)
 [16:00:01]  RDP 0x563cf06aeff0: Wake Tx task (check timeouts)
 [16:00:01]  RDP 0x563cf06aeff0: Wake Tx task (check timeouts)
 [16:00:01]  RDP 0x563cf06aeff0: Wake Tx task (check timeouts)
 [16:00:01]  RDP 0x563cf06aeff0: Wake Tx task (check timeouts)
 [16:00:01]  RDP 0x563cf06aeff0: Wake Tx task (check timeouts)
 [16:00:01]  RDP 0x563cf06aeff0: Wake Tx task (check timeouts)
 [16:00:01]  RDP 0x563cf06aeff0: Wake Tx task (check timeouts)
 [16:00:01]  RDP 0x563cf06aeff0: Wake Tx task (check timeouts)
 [16:00:01]  RDP 0x563cf06aeff0: Wake Tx task (check timeouts)
 [16:00:01]  RDP 0x563cf06aeff0: Wake Tx task (check timeouts)
 [16:00:01]  RDP 0x563cf06aeff0: Wake Tx task (check timeouts)
 [16:00:01]  RDP 0x563cf06aeff0: Wake Tx task (check timeouts)
 [16:00:01]  RDP 0x563cf06aeff0: Wake Tx task (check timeouts)
 [16:00:01]  RDP 0x563cf06aeff0: Wake Tx task (check timeouts)
 [16:00:01]  RDP 0x563cf06aeff0: Wake Tx task (check timeouts)
 [16:00:01]  RDP 0x563cf06aeff0: Wake Tx task (check timeouts)
 [16:00:01]  RDP 0x563cf06aeff0: Wake Tx task (check timeouts)
 [16:00:01]  RDP 0x563cf06aeff0: Wake Tx task (check timeouts)
 [16:00:01]  RDP 0x563cf06aeff0: Wake Tx task (check timeouts)
 [16:00:01]  RDP 0x563cf06aeff0: Wake Tx task (check timeouts)
 [16:00:01]  RDP 0x563cf06aeff0: Wake Tx task (check timeouts)
 [16:00:01]  RDP 0x563cf06aeff0: Wake Tx task (check timeouts)
 [16:00:01]  RDP 0x563cf06aeff0: Wake Tx task (check timeouts)
 [16:00:01]  RDP 0x563cf06aeff0: Wake Tx task (check timeouts)
 [16:00:02]  RDP 0x563cf06aeff0: Wake Tx task (check timeouts)
 [16:00:02]  RDP 0x563cf06aeff0: Wake Tx task (check timeouts)
 [16:00:02]  RDP 0x563cf06aeff0: Wake Tx task (check timeouts)
 [16:00:02]  RDP 0x563cf06aeff0: Wake Tx task (check timeouts)
 [16:00:02]  RDP 0x563cf06aeff0: Wake Tx task (check timeouts)
 [16:00:02]  RDP 0x563cf06aeff0: Wake Tx task (check timeouts)
 [16:00:02]  RDP 0x563cf06aeff0: Wake Tx task (check timeouts)
 [16:00:02]  RDP: CMP: conn pointer 0x563cf06aeff0, packet pointer (nil), flag 2, seq_nr 62435, ack_nr 47552
 [16:00:02]  OUT: S 8, D 3, Dp 16, Sp 38, Pr 1, Fl 0x03, Sz 5 VIA: KISS
 [16:00:02]  RDP 0x563cf06aeff0: Wake Tx task (check timeouts)
 [16:00:02]  RDP 0x563cf06aeff0: Wake Tx task (check timeouts)
 [16:00:02]  RDP 0x563cf06aeff0: Wake Tx task (check timeouts)
 [16:00:02]  RDP 0x563cf06aeff0: Wake Tx task (check timeouts)
 [16:00:02]  RDP 0x563cf06aeff0: Wake Tx task (check timeouts)
 [16:00:02]  RDP 0x563cf06aeff0: Wake Tx task (check timeouts)
 [16:00:02]  RDP 0x563cf06aeff0: Wake Tx task (check timeouts)
 [16:00:02]  RDP 0x563cf06aeff0: Wake Tx task (check timeouts)
 [16:00:02]  RDP 0x563cf06aeff0: Wake Tx task (check timeouts)
 [16:00:02]  RDP 0x563cf06aeff0: Wake Tx task (check timeouts)
 [16:00:02]  RDP 0x563cf06aeff0: Wake Tx task (check timeouts)
 [16:00:02]  INP: S 3, D 8, Dp 38, Sp 16, Pr 1, Fl 0x03, Sz 9 VIA: KISS
 [16:00:02]  RDP 0x563cf06aeff0: Received in S 3: syn 0, ack 1, eack 0, rst 0, seq_nr 47553, ack_nr 62433, packet_len 5 (0)
 [16:00:02]  RDP 0x563cf06aeff0: Wake Tx task (check timeouts)
 [16:00:02]  RDP 0x563cf06aeff0: Wake Tx task (check timeouts)
 [16:00:02]  RDP 0x563cf06aeff0: Wake Tx task (check timeouts)
 [16:00:02]  RDP 0x563cf06aeff0: Wake Tx task (check timeouts)
 [16:00:02]  RDP 0x563cf06aeff0: Wake Tx task (check timeouts)
 [16:00:02]  RDP 0x563cf06aeff0: Wake Tx task (check timeouts)
 [16:00:03]  RDP 0x563cf06aeff0: Wake Tx task (check timeouts)
 [16:00:03]  RDP 0x563cf06aeff0: Wake Tx task (check timeouts)
 [16:00:03]  RDP 0x563cf06aeff0: Wake Tx task (check timeouts)
 [16:00:03]  RDP 0x563cf06aeff0: Wake Tx task (check timeouts)
 [16:00:03]  RDP 0x563cf06aeff0: Wake Tx task (check timeouts)
 [16:00:03]  RDP 0x563cf06aeff0: Wake Tx task (check timeouts)
 [16:00:03]  RDP 0x563cf06aeff0: Wake Tx task (check timeouts)
 [16:00:03]  RDP 0x563cf06aeff0: Wake Tx task (check timeouts)
 [16:00:03]  RDP 0x563cf06aeff0: Wake Tx task (check timeouts)
 [16:00:03]  RDP 0x563cf06aeff0: Wake Tx task (check timeouts)
 [16:00:03]  RDP 0x563cf06aeff0: Wake Tx task (check timeouts)
 [16:00:03]  RDP 0x563cf06aeff0: Wake Tx task (check timeouts)
 [16:00:03]  RDP 0x563cf06aeff0: Wake Tx task (check timeouts)
 [16:00:03]  RDP 0x563cf06aeff0: Wake Tx task (check timeouts)
 [16:00:03]  RDP 0x563cf06aeff0: Wake Tx task (check timeouts)
 [16:00:03]  RDP 0x563cf06aeff0: Wake Tx task (check timeouts)
 [16:00:03]  RDP 0x563cf06aeff0: Wake Tx task (check timeouts)
 [16:00:03]  RDP 0x563cf06aeff0: Wake Tx task (check timeouts)
 [16:00:03]  RDP 0x563cf06aeff0: Wake Tx task (check timeouts)
 [16:00:03]  RDP 0x563cf06aeff0: Wake Tx task (check timeouts)
 [16:00:03]  RDP 0x563cf06aeff0: Wake Tx task (check timeouts)
 [16:00:03]  RDP 0x563cf06aeff0: Wake Tx task (check timeouts)
 [16:00:03]  RDP 0x563cf06aeff0: Wake Tx task (check timeouts)
 [16:00:03]  RDP 0x563cf06aeff0: Wake Tx task (check timeouts)
 [16:00:03]  RDP 0x563cf06aeff0: Wake Tx task (check timeouts)
 [16:00:03]  RDP 0x563cf06aeff0: Wake Tx task (check timeouts)
 [16:00:03]  RDP 0x563cf06aeff0: Wake Tx task (check timeouts)
 [16:00:03]  RDP 0x563cf06aeff0: Wake Tx task (check timeouts)
 [16:00:03]  RDP 0x563cf06aeff0: Wake Tx task (check timeouts)
 [16:00:03]  RDP 0x563cf06aeff0: Wake Tx task (check timeouts)
 [16:00:03]  RDP 0x563cf06aeff0: Wake Tx task (check timeouts)
 [16:00:03]  RDP 0x563cf06aeff0: Wake Tx task (check timeouts)
 [16:00:03]  RDP 0x563cf06aeff0: Wake Tx task (check timeouts)
 [16:00:03]  RDP 0x563cf06aeff0: Wake Tx task (check timeouts)
 [16:00:03]  RDP 0x563cf06aeff0: Wake Tx task (check timeouts)
 [16:00:03]  RDP 0x563cf06aeff0: Wake Tx task (check timeouts)
 [16:00:03]  RDP 0x563cf06aeff0: Wake Tx task (check timeouts)
 [16:00:03]  RDP 0x563cf06aeff0: Wake Tx task (check timeouts)
 [16:00:04]  RDP 0x563cf06aeff0: Wake Tx task (check timeouts)
 [16:00:04]  RDP 0x563cf06aeff0: Wake Tx task (check timeouts)
 [16:00:04]  RDP 0x563cf06aeff0: Wake Tx task (check timeouts)
 [16:00:04]  RDP 0x563cf06aeff0: Wake Tx task (check timeouts)
 [16:00:04]  RDP 0x563cf06aeff0: Wake Tx task (check timeouts)
 [16:00:04]  RDP 0x563cf06aeff0: Wake Tx task (check timeouts)
 [16:00:04]  RDP 0x563cf06aeff0: Wake Tx task (check timeouts)
 [16:00:04]  RDP 0x563cf06aeff0: Wake Tx task (check timeouts)
 [16:00:04]  RDP 0x563cf06aeff0: Wake Tx task (check timeouts)
 [16:00:04]  RDP 0x563cf06aeff0: Wake Tx task (check timeouts)
 [16:00:04]  RDP 0x563cf06aeff0: Wake Tx task (check timeouts)
 [16:00:04]  RDP 0x563cf06aeff0: Wake Tx task (check timeouts)
 [16:00:04]  RDP 0x563cf06aeff0: Wake Tx task (check timeouts)
 [16:00:04]  RDP 0x563cf06aeff0: Wake Tx task (check timeouts)
 [16:00:04]  RDP 0x563cf06aeff0: Wake Tx task (check timeouts)
 [16:00:04]  RDP 0x563cf06aeff0: Wake Tx task (check timeouts)
 [16:00:04]  RDP 0x563cf06aeff0: Wake Tx task (check timeouts)
 [16:00:04]  RDP 0x563cf06aeff0: Wake Tx task (check timeouts)
 [16:00:04]  RDP 0x563cf06aeff0: Wake Tx task (check timeouts)
 [16:00:04]  RDP 0x563cf06aeff0: Wake Tx task (check timeouts)
 [16:00:04]  RDP 0x563cf06aeff0: Wake Tx task (check timeouts)
 [16:00:04]  RDP: CMP: conn pointer 0x563cf06aeff0, packet pointer (nil), flag 2, seq_nr 62435, ack_nr 47552
 [16:00:04]  OUT: S 8, D 3, Dp 16, Sp 38, Pr 1, Fl 0x03, Sz 5 VIA: KISS
 [16:00:04]  RDP 0x563cf06aeff0: Wake Tx task (check timeouts)
 [16:00:04]  RDP 0x563cf06aeff0: Wake Tx task (check timeouts)
 [16:00:04]  RDP 0x563cf06aeff0: Wake Tx task (check timeouts)
 [16:00:05]  RDP 0x563cf06aeff0: Wake Tx task (check timeouts)
 [16:00:05]  RDP 0x563cf06aeff0: Wake Tx task (check timeouts)
 [16:00:05]  RDP 0x563cf06aeff0: Wake Tx task (check timeouts)
 [16:00:05]  RDP 0x563cf06aeff0: Wake Tx task (check timeouts)
 [16:00:05]  RDP 0x563cf06aeff0: Wake Tx task (check timeouts)
 [16:00:05]  RDP 0x563cf06aeff0: Wake Tx task (check timeouts)
 [16:00:05]  RDP 0x563cf06aeff0: Wake Tx task (check timeouts)
 [16:00:05]  RDP 0x563cf06aeff0: Wake Tx task (check timeouts)
 [16:00:05]  RDP 0x563cf06aeff0: Wake Tx task (check timeouts)
 [16:00:05]  RDP 0x563cf06aeff0: Wake Tx task (check timeouts)
 [16:00:05]  RDP 0x563cf06aeff0: Wake Tx task (check timeouts)
 [16:00:05]  RDP 0x563cf06aeff0: Wake Tx task (check timeouts)
 [16:00:05]  RDP 0x563cf06aeff0: Wake Tx task (check timeouts)
 [16:00:05]  RDP 0x563cf06aeff0: Wake Tx task (check timeouts)
 [16:00:05]  RDP 0x563cf06aeff0: Wake Tx task (check timeouts)
 [16:00:05]  RDP 0x563cf06aeff0: Wake Tx task (check timeouts)
 [16:00:05]  RDP 0x563cf06aeff0: Wake Tx task (check timeouts)
 [16:00:05]  RDP 0x563cf06aeff0: Wake Tx task (check timeouts)
 [16:00:05]  RDP 0x563cf06aeff0: Wake Tx task (check timeouts)
 [16:00:05]  RDP 0x563cf06aeff0: Wake Tx task (check timeouts)
 [16:00:05]  RDP 0x563cf06aeff0: Wake Tx task (check timeouts)
 [16:00:05]  RDP 0x563cf06aeff0: Wake Tx task (check timeouts)
 [16:00:05]  RDP 0x563cf06aeff0: Wake Tx task (check timeouts)
 [16:00:05]  RDP 0x563cf06aeff0: Wake Tx task (check timeouts)
 [16:00:05]  RDP 0x563cf06aeff0: Wake Tx task (check timeouts)
 [16:00:05]  RDP 0x563cf06aeff0: Wake Tx task (check timeouts)
 [16:00:05]  RDP 0x563cf06aeff0: Wake Tx task (check timeouts)
 [16:00:05]  TX Element timed out, retransmitting seq 62434
 [16:00:05]  OUT: S 8, D 3, Dp 16, Sp 38, Pr 2, Fl 0x03, Sz 6 VIA: KISS
 [16:00:06]  RDP 0x563cf06aeff0: Wake Tx task (check timeouts)
 [16:00:06]  RDP 0x563cf06aeff0: Wake Tx task (check timeouts)
 [16:00:06]  RDP 0x563cf06aeff0: Wake Tx task (check timeouts)
 [16:00:06]  RDP 0x563cf06aeff0: Wake Tx task (check timeouts)
 [16:00:06]  RDP 0x563cf06aeff0: Wake Tx task (check timeouts)
 [16:00:06]  RDP 0x563cf06aeff0: Wake Tx task (check timeouts)
 [16:00:06]  RDP 0x563cf06aeff0: Wake Tx task (check timeouts)
 [16:00:06]  RDP 0x563cf06aeff0: Wake Tx task (check timeouts)
 [16:00:06]  RDP 0x563cf06aeff0: Wake Tx task (check timeouts)
 [16:00:06]  INP: S 3, D 8, Dp 38, Sp 16, Pr 1, Fl 0x03, Sz 15 VIA: KISS
 [16:00:06]  RDP 0x563cf06aeff0: Received in S 3: syn 0, ack 1, eack 0, rst 0, seq_nr 47553, ack_nr 62434, packet_len 11 (6)
 [16:00:06]  FTP: FTP Transaction Completed. (info)
 [16:00:06]  TX Element Free, time 1185431405, seq 62434, una 62435
 [16:00:06]  RDP 0x563cf06aeff0: Wake Tx task (check timeouts)
 [16:00:06]  RDP 0x563cf06aeff0: Wake Tx task (check timeouts)
 [16:00:06]  RDP 0x563cf06aeff0: Wake Tx task (check timeouts)
 [16:00:06]  INP: S 3, D 8, Dp 38, Sp 16, Pr 1, Fl 0x03, Sz 9 VIA: KISS
 [16:00:06]  RDP 0x563cf06aeff0: Received in S 3: syn 0, ack 1, eack 0, rst 1, seq_nr 47554, ack_nr 62434, packet_len 5 (0)
 [16:00:06]  RDP 0x563cf06aeff0: Got RESET in state 3
 [16:00:06]  RDP 0x563cf06aeff0: RESET in sequence, no more data incoming, reply with RESET
 [16:00:06]  RDP: CMP: conn pointer 0x563cf06aeff0, packet pointer (nil), flag 10, seq_nr 62435, ack_nr 47553
 [16:00:06]  OUT: S 8, D 3, Dp 16, Sp 38, Pr 1, Fl 0x03, Sz 5 VIA: KISS
 [16:00:06]  RDP 0x563cf06aeff0: Waiting for userspace to close
 [16:00:07]  FTP: CRC Checking : 0
